 WARN [2015-02-05 17:58:06,168] (ComponentFactory.java:getComponentBean:1154) - Unable to get component for id 'ExternalDataSource': Unable to get bean for id 'ExternalDataSource'
 WARN [2015-02-05 17:58:06,819] (ComponentFactory.java:getComponentBean:1154) - Unable to get component for id 'SynonymDictionary': Unable to get bean for id 'SynonymDictionary'
 WARN [2015-02-05 17:58:07,544] (ComponentFactory.java:getComponentBean:1154) - Unable to get component for id 'ExternalDataSource': Unable to get bean for id 'ExternalDataSource'
 WARN [2015-02-05 17:58:07,554] (ComponentFactory.java:getComponentBean:1154) - Unable to get component for id 'SynonymDictionary': Unable to get bean for id 'SynonymDictionary'
 WARN [2015-02-05 17:58:30,984] (ProjectController.java:handleRetrieveResults:772) - Failed to retrieve: 'Salesforce Connected Apps/package.xml': Metadata API received improper input. Please ensure file name and capitalization is correct. Load of metadata from db failed for metadata of type:ConnectedApp and file name:Forcecom_IDE.
 WARN [2015-02-05 17:58:30,985] (ProjectController.java:handleRetrieveResults:772) - Failed to retrieve: 'Salesforce Connected Apps/package.xml': Metadata API received improper input. Please ensure file name and capitalization is correct. Load of metadata from db failed for metadata of type:ConnectedApp and file name:Dataloader_Partner.
 WARN [2015-02-05 17:58:30,985] (ProjectController.java:handleRetrieveResults:772) - Failed to retrieve: 'Salesforce Connected Apps/package.xml': Metadata API received improper input. Please ensure file name and capitalization is correct. Load of metadata from db failed for metadata of type:ConnectedApp and file name:Dataloader_Bulk.
 WARN [2015-02-05 17:58:30,986] (ProjectController.java:handleRetrieveResults:772) - Failed to retrieve: 'Salesforce Connected Apps/package.xml': Metadata API received improper input. Please ensure file name and capitalization is correct. Load of metadata from db failed for metadata of type:ConnectedApp and file name:Workbench.
 WARN [2015-02-05 17:58:30,987] (ProjectController.java:handleRetrieveResults:772) - Failed to retrieve: 'Salesforce Connected Apps/package.xml': Metadata API received improper input. Please ensure file name and capitalization is correct. Load of metadata from db failed for metadata of type:ConnectedApp and file name:Salesforce_for_Outlook.
 WARN [2015-02-05 17:58:30,987] (ProjectController.java:handleRetrieveResults:772) - Failed to retrieve: 'Salesforce Connected Apps/package.xml': Metadata API received improper input. Please ensure file name and capitalization is correct. Load of metadata from db failed for metadata of type:ConnectedApp and file name:Salesforce_Touch.
 WARN [2015-02-05 17:58:30,992] (ProjectController.java:handleRetrieveResults:772) - Failed to retrieve: 'Salesforce Connected Apps/package.xml': Metadata API received improper input. Please ensure file name and capitalization is correct. Load of metadata from db failed for metadata of type:ConnectedApp and file name:Salesforce_Mobile_Dashboards.
 WARN [2015-02-05 17:58:31,003] (ProjectController.java:handleRetrieveResults:772) - Failed to retrieve: 'Salesforce Connected Apps/package.xml': Metadata API received improper input. Please ensure file name and capitalization is correct. Load of metadata from db failed for metadata of type:ConnectedApp and file name:Forcecom_Migration_Tool.
 WARN [2015-02-05 17:58:31,004] (ProjectController.java:handleRetrieveResults:772) - Failed to retrieve: 'Salesforce1 and Chatter Apps/package.xml': Metadata API received improper input. Please ensure file name and capitalization is correct. Load of metadata from db failed for metadata of type:ConnectedApp and file name:Salesforce1_for_Windows.
 WARN [2015-02-05 17:58:31,004] (ProjectController.java:handleRetrieveResults:772) - Failed to retrieve: 'Salesforce1 and Chatter Apps/package.xml': Metadata API received improper input. Please ensure file name and capitalization is correct. Load of metadata from db failed for metadata of type:ConnectedApp and file name:Salesforce_Chatterbox.
 WARN [2015-02-05 17:58:31,005] (ProjectController.java:handleRetrieveResults:772) - Failed to retrieve: 'Salesforce1 and Chatter Apps/package.xml': Metadata API received improper input. Please ensure file name and capitalization is correct. Load of metadata from db failed for metadata of type:ConnectedApp and file name:SalesforceA.
 WARN [2015-02-05 17:58:31,005] (ProjectController.java:handleRetrieveResults:772) - Failed to retrieve: 'Salesforce1 and Chatter Apps/package.xml': Metadata API received improper input. Please ensure file name and capitalization is correct. Load of metadata from db failed for metadata of type:ConnectedApp and file name:Chatter_for_Android.
 WARN [2015-02-05 17:58:31,006] (ProjectController.java:handleRetrieveResults:772) - Failed to retrieve: 'Salesforce1 and Chatter Apps/package.xml': Metadata API received improper input. Please ensure file name and capitalization is correct. Load of metadata from db failed for metadata of type:ConnectedApp and file name:Chatter_Desktop.
 WARN [2015-02-05 17:58:31,007] (ProjectController.java:handleRetrieveResults:772) - Failed to retrieve: 'Salesforce1 and Chatter Apps/package.xml': Metadata API received improper input. Please ensure file name and capitalization is correct. Load of metadata from db failed for metadata of type:ConnectedApp and file name:Chatter_for_iOS.
 WARN [2015-02-05 17:58:31,007] (ProjectController.java:handleRetrieveResults:772) - Failed to retrieve: 'Salesforce1 and Chatter Apps/package.xml': Metadata API received improper input. Please ensure file name and capitalization is correct. Load of metadata from db failed for metadata of type:ConnectedApp and file name:Chatter_for_BlackBerry.
 WARN [2015-02-05 17:58:31,025] (ComponentFactory.java:getComponentByFilePath:622) - No id found for filepath 'modules/S8e_for_Outlook_oauth/ConnectivityDevConfigs/S8e_for_Outlook_oauth_devConfig.ConnectivityDevConfig', tagging as component of type 'Unknown'
 WARN [2015-02-05 17:58:31,030] (ComponentFactory.java:getComponentByFilePath:622) - No id found for filepath 'modules/S8e_for_Outlook_oauth/modules/sf_com_apps__S8e_for_Outlook_oauth', tagging as component of type 'Unknown'
 WARN [2015-02-05 17:58:31,038] (ComponentFactory.java:getComponentByFilePath:622) - No id found for filepath 'applicationManifests/Salesforce_for_Outlook', tagging as component of type 'Unknown'
 WARN [2015-02-05 17:58:31,040] (ComponentFactory.java:getComponentByFilePath:622) - No id found for filepath 'modules/Workbench_oauth_c4s/Canvases/Workbench_oauth_c4sCanvas.Canvas', tagging as component of type 'Unknown'
 WARN [2015-02-05 17:58:31,041] (ComponentFactory.java:getComponentByFilePath:622) - No id found for filepath 'modules/Workbench_oauth_c4s/modules/sf_com_apps__Workbench_oauth_c4s', tagging as component of type 'Unknown'
 WARN [2015-02-05 17:58:31,042] (ComponentFactory.java:getComponentByFilePath:622) - No id found for filepath 'modules/Workbench_oauth/ConnectivityDevConfigs/Workbench_oauth_devConfig.ConnectivityDevConfig', tagging as component of type 'Unknown'
 WARN [2015-02-05 17:58:31,044] (ComponentFactory.java:getComponentByFilePath:622) - No id found for filepath 'modules/Workbench_oauth/modules/sf_com_apps__Workbench_oauth', tagging as component of type 'Unknown'
 WARN [2015-02-05 17:58:31,045] (ComponentFactory.java:getComponentByFilePath:622) - No id found for filepath 'applicationManifests/Workbench', tagging as component of type 'Unknown'
ERROR [2015-02-05 17:58:31,046] (ProjectPackageList.java:generateComponents:481) - Filepath-zip mapping is null or empty for package 'Salesforce Connected Apps' [0A390000000654qCAA] - skipping component generation
 WARN [2015-02-05 17:58:31,047] (ComponentFactory.java:getComponentByFilePath:622) - No id found for filepath 'modules/S91_for_Windows_oauth/ConnectivityDevConfigs/S91_for_Windows_oauth_devConfig.ConnectivityDevConfig', tagging as component of type 'Unknown'
 WARN [2015-02-05 17:58:31,048] (ComponentFactory.java:getComponentByFilePath:622) - No id found for filepath 'modules/S91_for_Windows_oauth/modules/sf_chttr_apps__S91_for_Windows_oauth', tagging as component of type 'Unknown'
 WARN [2015-02-05 17:58:31,049] (ComponentFactory.java:getComponentByFilePath:622) - No id found for filepath 'applicationManifests/Salesforce1_for_Windows', tagging as component of type 'Unknown'
 WARN [2015-02-05 17:58:31,050] (ComponentFactory.java:getComponentByFilePath:622) - No id found for filepath 'modules/Dataloader_Bulk_oauth/ConnectivityDevConfigs/Dataloader_Bulk_oauth_devConfig.ConnectivityDevConfig', tagging as component of type 'Unknown'
 WARN [2015-02-05 17:58:31,051] (ComponentFactory.java:getComponentByFilePath:622) - No id found for filepath 'modules/Dataloader_Bulk_oauth/modules/sf_com_apps__Dataloader_Bulk_oauth', tagging as component of type 'Unknown'
 WARN [2015-02-05 17:58:31,052] (ComponentFactory.java:getComponentByFilePath:622) - No id found for filepath 'applicationManifests/Dataloader_Bulk', tagging as component of type 'Unknown'
 WARN [2015-02-05 17:58:31,053] (ComponentFactory.java:getComponentByFilePath:622) - No id found for filepath 'modules/Dataloader_P5r_oauth/ConnectivityDevConfigs/Dataloader_P5r_oauth_devConfig.ConnectivityDevConfig', tagging as component of type 'Unknown'
 WARN [2015-02-05 17:58:31,054] (ComponentFactory.java:getComponentByFilePath:622) - No id found for filepath 'modules/Dataloader_P5r_oauth/modules/sf_com_apps__Dataloader_P5r_oauth', tagging as component of type 'Unknown'
 WARN [2015-02-05 17:58:31,055] (ComponentFactory.java:getComponentByFilePath:622) - No id found for filepath 'applicationManifests/Dataloader_Partner', tagging as component of type 'Unknown'
 WARN [2015-02-05 17:58:31,056] (ComponentFactory.java:getComponentByFilePath:622) - No id found for filepath 'modules/Forcecom_IDE_oauth/ConnectivityDevConfigs/Forcecom_IDE_oauth_devConfig.ConnectivityDevConfig', tagging as component of type 'Unknown'
 WARN [2015-02-05 17:58:31,058] (ComponentFactory.java:getComponentByFilePath:622) - No id found for filepath 'modules/Forcecom_IDE_oauth/modules/sf_com_apps__Forcecom_IDE_oauth', tagging as component of type 'Unknown'
 WARN [2015-02-05 17:58:31,059] (ComponentFactory.java:getComponentByFilePath:622) - No id found for filepath 'applicationManifests/Forcecom_IDE', tagging as component of type 'Unknown'
 WARN [2015-02-05 17:58:31,060] (ComponentFactory.java:getComponentByFilePath:622) - No id found for filepath 'modules/Forcecom_Migration_Tool_oauth/ConnectivityDevConfigs/Forcecom_Migration_Tool_oauth_devConfig.ConnectivityDevConfig', tagging as component of type 'Unknown'
 WARN [2015-02-05 17:58:31,061] (ComponentFactory.java:getComponentByFilePath:622) - No id found for filepath 'modules/Forcecom_Migration_Tool_oauth/modules/sf_com_apps__Forcecom_Migration_Tool_oauth', tagging as component of type 'Unknown'
 WARN [2015-02-05 17:58:31,062] (ComponentFactory.java:getComponentByFilePath:622) - No id found for filepath 'applicationManifests/Forcecom_Migration_Tool', tagging as component of type 'Unknown'
 WARN [2015-02-05 17:58:31,063] (ComponentFactory.java:getComponentByFilePath:622) - No id found for filepath 'modules/S8e_M4e_Dashboards_oauth/ConnectivityDevConfigs/S8e_M4e_Dashboards_oauth_devConfig.ConnectivityDevConfig', tagging as component of type 'Unknown'
 WARN [2015-02-05 17:58:31,064] (ComponentFactory.java:getComponentByFilePath:622) - No id found for filepath 'modules/S8e_M4e_Dashboards_oauth/modules/sf_com_apps__S8e_M4e_Dashboards_oauth', tagging as component of type 'Unknown'
 WARN [2015-02-05 17:58:31,065] (ComponentFactory.java:getComponentByFilePath:622) - No id found for filepath 'applicationManifests/Salesforce_Mobile_Dashboards', tagging as component of type 'Unknown'
 WARN [2015-02-05 17:58:31,067] (ComponentFactory.java:getComponentByFilePath:622) - No id found for filepath 'modules/S8e_T3h_oauth/ConnectivityDevConfigs/S8e_T3h_oauth_devConfig.ConnectivityDevConfig', tagging as component of type 'Unknown'
 WARN [2015-02-05 17:58:31,068] (ComponentFactory.java:getComponentByFilePath:622) - No id found for filepath 'modules/S8e_T3h_oauth/modules/sf_com_apps__S8e_T3h_oauth', tagging as component of type 'Unknown'
 WARN [2015-02-05 17:58:31,069] (ComponentFactory.java:getComponentByFilePath:622) - No id found for filepath 'applicationManifests/Salesforce_Touch', tagging as component of type 'Unknown'
 WARN [2015-02-05 17:58:31,070] (ComponentFactory.java:getComponentByFilePath:622) - No id found for filepath 'modules/C5r_Desktop_oauth/ConnectivityDevConfigs/C5r_Desktop_oauth_devConfig.ConnectivityDevConfig', tagging as component of type 'Unknown'
 WARN [2015-02-05 17:58:31,071] (ComponentFactory.java:getComponentByFilePath:622) - No id found for filepath 'modules/C5r_Desktop_oauth/modules/sf_chttr_apps__C5r_Desktop_oauth', tagging as component of type 'Unknown'
 WARN [2015-02-05 17:58:31,072] (ComponentFactory.java:getComponentByFilePath:622) - No id found for filepath 'applicationManifests/Chatter_Desktop', tagging as component of type 'Unknown'
 WARN [2015-02-05 17:58:31,073] (ComponentFactory.java:getComponentByFilePath:622) - No id found for filepath 'modules/C5r_for_Android_oauth_android/AndroidPushApplicationSetup/C5r_for_Android_oauth_androidAndroidPushApplicationSetup.AndroidPushApplicationSetup', tagging as component of type 'Unknown'
 WARN [2015-02-05 17:58:31,074] (ComponentFactory.java:getComponentByFilePath:622) - No id found for filepath 'modules/C5r_for_Android_oauth_android/modules/sf_chttr_apps__C5r_for_Android_oauth_android', tagging as component of type 'Unknown'
 WARN [2015-02-05 17:58:31,075] (ComponentFactory.java:getComponentByFilePath:622) - No id found for filepath 'modules/C5r_for_Android_oauth/ConnectivityDevConfigs/C5r_for_Android_oauth_devConfig.ConnectivityDevConfig', tagging as component of type 'Unknown'
 WARN [2015-02-05 17:58:31,076] (ComponentFactory.java:getComponentByFilePath:622) - No id found for filepath 'modules/C5r_for_Android_oauth/modules/sf_chttr_apps__C5r_for_Android_oauth', tagging as component of type 'Unknown'
 WARN [2015-02-05 17:58:31,077] (ComponentFactory.java:getComponentByFilePath:622) - No id found for filepath 'applicationManifests/Chatter_for_Android', tagging as component of type 'Unknown'
 WARN [2015-02-05 17:58:31,078] (ComponentFactory.java:getComponentByFilePath:622) - No id found for filepath 'modules/C5r_for_BlackBerry_oauth/ConnectivityDevConfigs/C5r_for_BlackBerry_oauth_devConfig.ConnectivityDevConfig', tagging as component of type 'Unknown'
 WARN [2015-02-05 17:58:31,079] (ComponentFactory.java:getComponentByFilePath:622) - No id found for filepath 'modules/C5r_for_BlackBerry_oauth/modules/sf_chttr_apps__C5r_for_BlackBerry_oauth', tagging as component of type 'Unknown'
 WARN [2015-02-05 17:58:31,080] (ComponentFactory.java:getComponentByFilePath:622) - No id found for filepath 'applicationManifests/Chatter_for_BlackBerry', tagging as component of type 'Unknown'
 WARN [2015-02-05 17:58:31,082] (ComponentFactory.java:getComponentByFilePath:622) - No id found for filepath 'modules/C5r_for_iOS_oauth_apple/ApplePushApplicationSetup/C5r_for_iOS_oauth_appleApplePushApplicationSetup.ApplePushApplicationSetup', tagging as component of type 'Unknown'
 WARN [2015-02-05 17:58:31,083] (ComponentFactory.java:getComponentByFilePath:622) - No id found for filepath 'modules/C5r_for_iOS_oauth_apple/modules/sf_chttr_apps__C5r_for_iOS_oauth_apple', tagging as component of type 'Unknown'
 WARN [2015-02-05 17:58:31,084] (ComponentFactory.java:getComponentByFilePath:622) - No id found for filepath 'modules/C5r_for_iOS_oauth/ConnectivityDevConfigs/C5r_for_iOS_oauth_devConfig.ConnectivityDevConfig', tagging as component of type 'Unknown'
 WARN [2015-02-05 17:58:31,085] (ComponentFactory.java:getComponentByFilePath:622) - No id found for filepath 'modules/C5r_for_iOS_oauth/modules/sf_chttr_apps__C5r_for_iOS_oauth', tagging as component of type 'Unknown'
 WARN [2015-02-05 17:58:31,086] (ComponentFactory.java:getComponentByFilePath:622) - No id found for filepath 'applicationManifests/Chatter_for_iOS', tagging as component of type 'Unknown'
 WARN [2015-02-05 17:58:31,087] (ComponentFactory.java:getComponentByFilePath:622) - No id found for filepath 'modules/S9A_oauth/ConnectivityDevConfigs/S9A_oauth_devConfig.ConnectivityDevConfig', tagging as component of type 'Unknown'
 WARN [2015-02-05 17:58:31,088] (ComponentFactory.java:getComponentByFilePath:622) - No id found for filepath 'modules/S9A_oauth/modules/sf_chttr_apps__S9A_oauth', tagging as component of type 'Unknown'
 WARN [2015-02-05 17:58:31,089] (ComponentFactory.java:getComponentByFilePath:622) - No id found for filepath 'applicationManifests/SalesforceA', tagging as component of type 'Unknown'
 WARN [2015-02-05 17:58:31,090] (ComponentFactory.java:getComponentByFilePath:622) - No id found for filepath 'modules/S8e_C8x_oauth/ConnectivityDevConfigs/S8e_C8x_oauth_devConfig.ConnectivityDevConfig', tagging as component of type 'Unknown'
 WARN [2015-02-05 17:58:31,091] (ComponentFactory.java:getComponentByFilePath:622) - No id found for filepath 'modules/S8e_C8x_oauth/modules/sf_chttr_apps__S8e_C8x_oauth', tagging as component of type 'Unknown'
 WARN [2015-02-05 17:58:31,092] (ComponentFactory.java:getComponentByFilePath:622) - No id found for filepath 'applicationManifests/Salesforce_Chatterbox', tagging as component of type 'Unknown'
ERROR [2015-02-05 17:58:31,093] (ProjectPackageList.java:generateComponents:481) - Filepath-zip mapping is null or empty for package 'Salesforce1 and Chatter Apps' [0A3900000006ITYCA2] - skipping component generation
 WARN [2015-02-05 18:03:05,641] (ComponentFactory.java:getComponentBean:1154) - Unable to get component for id 'ExternalDataSource': Unable to get bean for id 'ExternalDataSource'
 WARN [2015-02-05 18:03:05,655] (ComponentFactory.java:getComponentBean:1154) - Unable to get component for id 'SynonymDictionary': Unable to get bean for id 'SynonymDictionary'
 WARN [2015-02-05 18:03:06,097] (ComponentFactory.java:getComponentBean:1154) - Unable to get component for id 'ExternalDataSource': Unable to get bean for id 'ExternalDataSource'
 WARN [2015-02-05 18:03:06,108] (ComponentFactory.java:getComponentBean:1154) - Unable to get component for id 'SynonymDictionary': Unable to get bean for id 'SynonymDictionary'
 WARN [2015-02-05 18:03:28,270] (ProjectController.java:handleRetrieveResults:772) - Failed to retrieve: 'Salesforce Connected Apps/package.xml': Metadata API received improper input. Please ensure file name and capitalization is correct. Load of metadata from db failed for metadata of type:ConnectedApp and file name:Forcecom_IDE.
 WARN [2015-02-05 18:03:28,271] (ProjectController.java:handleRetrieveResults:772) - Failed to retrieve: 'Salesforce Connected Apps/package.xml': Metadata API received improper input. Please ensure file name and capitalization is correct. Load of metadata from db failed for metadata of type:ConnectedApp and file name:Dataloader_Partner.
 WARN [2015-02-05 18:03:28,272] (ProjectController.java:handleRetrieveResults:772) - Failed to retrieve: 'Salesforce Connected Apps/package.xml': Metadata API received improper input. Please ensure file name and capitalization is correct. Load of metadata from db failed for metadata of type:ConnectedApp and file name:Dataloader_Bulk.
 WARN [2015-02-05 18:03:28,273] (ProjectController.java:handleRetrieveResults:772) - Failed to retrieve: 'Salesforce Connected Apps/package.xml': Metadata API received improper input. Please ensure file name and capitalization is correct. Load of metadata from db failed for metadata of type:ConnectedApp and file name:Workbench.
 WARN [2015-02-05 18:03:28,273] (ProjectController.java:handleRetrieveResults:772) - Failed to retrieve: 'Salesforce Connected Apps/package.xml': Metadata API received improper input. Please ensure file name and capitalization is correct. Load of metadata from db failed for metadata of type:ConnectedApp and file name:Salesforce_for_Outlook.
 WARN [2015-02-05 18:03:28,274] (ProjectController.java:handleRetrieveResults:772) - Failed to retrieve: 'Salesforce Connected Apps/package.xml': Metadata API received improper input. Please ensure file name and capitalization is correct. Load of metadata from db failed for metadata of type:ConnectedApp and file name:Salesforce_Touch.
 WARN [2015-02-05 18:03:28,278] (ProjectController.java:handleRetrieveResults:772) - Failed to retrieve: 'Salesforce Connected Apps/package.xml': Metadata API received improper input. Please ensure file name and capitalization is correct. Load of metadata from db failed for metadata of type:ConnectedApp and file name:Salesforce_Mobile_Dashboards.
 WARN [2015-02-05 18:03:28,279] (ProjectController.java:handleRetrieveResults:772) - Failed to retrieve: 'Salesforce Connected Apps/package.xml': Metadata API received improper input. Please ensure file name and capitalization is correct. Load of metadata from db failed for metadata of type:ConnectedApp and file name:Forcecom_Migration_Tool.
 WARN [2015-02-05 18:03:28,279] (ProjectController.java:handleRetrieveResults:772) - Failed to retrieve: 'Salesforce1 and Chatter Apps/package.xml': Metadata API received improper input. Please ensure file name and capitalization is correct. Load of metadata from db failed for metadata of type:ConnectedApp and file name:Salesforce1_for_Windows.
 WARN [2015-02-05 18:03:28,280] (ProjectController.java:handleRetrieveResults:772) - Failed to retrieve: 'Salesforce1 and Chatter Apps/package.xml': Metadata API received improper input. Please ensure file name and capitalization is correct. Load of metadata from db failed for metadata of type:ConnectedApp and file name:Salesforce_Chatterbox.
 WARN [2015-02-05 18:03:28,281] (ProjectController.java:handleRetrieveResults:772) - Failed to retrieve: 'Salesforce1 and Chatter Apps/package.xml': Metadata API received improper input. Please ensure file name and capitalization is correct. Load of metadata from db failed for metadata of type:ConnectedApp and file name:SalesforceA.
 WARN [2015-02-05 18:03:28,281] (ProjectController.java:handleRetrieveResults:772) - Failed to retrieve: 'Salesforce1 and Chatter Apps/package.xml': Metadata API received improper input. Please ensure file name and capitalization is correct. Load of metadata from db failed for metadata of type:ConnectedApp and file name:Chatter_for_Android.
 WARN [2015-02-05 18:03:28,282] (ProjectController.java:handleRetrieveResults:772) - Failed to retrieve: 'Salesforce1 and Chatter Apps/package.xml': Metadata API received improper input. Please ensure file name and capitalization is correct. Load of metadata from db failed for metadata of type:ConnectedApp and file name:Chatter_Desktop.
 WARN [2015-02-05 18:03:28,283] (ProjectController.java:handleRetrieveResults:772) - Failed to retrieve: 'Salesforce1 and Chatter Apps/package.xml': Metadata API received improper input. Please ensure file name and capitalization is correct. Load of metadata from db failed for metadata of type:ConnectedApp and file name:Chatter_for_iOS.
 WARN [2015-02-05 18:03:28,283] (ProjectController.java:handleRetrieveResults:772) - Failed to retrieve: 'Salesforce1 and Chatter Apps/package.xml': Metadata API received improper input. Please ensure file name and capitalization is correct. Load of metadata from db failed for metadata of type:ConnectedApp and file name:Chatter_for_BlackBerry.
 WARN [2015-02-05 18:03:28,334] (ComponentFactory.java:getComponentByFilePath:622) - No id found for filepath 'modules/S8e_for_Outlook_oauth/ConnectivityDevConfigs/S8e_for_Outlook_oauth_devConfig.ConnectivityDevConfig', tagging as component of type 'Unknown'
 WARN [2015-02-05 18:03:28,337] (ComponentFactory.java:getComponentByFilePath:622) - No id found for filepath 'modules/S8e_for_Outlook_oauth/modules/sf_com_apps__S8e_for_Outlook_oauth', tagging as component of type 'Unknown'
 WARN [2015-02-05 18:03:28,346] (ComponentFactory.java:getComponentByFilePath:622) - No id found for filepath 'applicationManifests/Salesforce_for_Outlook', tagging as component of type 'Unknown'
 WARN [2015-02-05 18:03:28,347] (ComponentFactory.java:getComponentByFilePath:622) - No id found for filepath 'modules/Workbench_oauth_c4s/Canvases/Workbench_oauth_c4sCanvas.Canvas', tagging as component of type 'Unknown'
 WARN [2015-02-05 18:03:28,348] (ComponentFactory.java:getComponentByFilePath:622) - No id found for filepath 'modules/Workbench_oauth_c4s/modules/sf_com_apps__Workbench_oauth_c4s', tagging as component of type 'Unknown'
 WARN [2015-02-05 18:03:28,349] (ComponentFactory.java:getComponentByFilePath:622) - No id found for filepath 'modules/Workbench_oauth/ConnectivityDevConfigs/Workbench_oauth_devConfig.ConnectivityDevConfig', tagging as component of type 'Unknown'
 WARN [2015-02-05 18:03:28,351] (ComponentFactory.java:getComponentByFilePath:622) - No id found for filepath 'modules/Workbench_oauth/modules/sf_com_apps__Workbench_oauth', tagging as component of type 'Unknown'
 WARN [2015-02-05 18:03:28,352] (ComponentFactory.java:getComponentByFilePath:622) - No id found for filepath 'applicationManifests/Workbench', tagging as component of type 'Unknown'
ERROR [2015-02-05 18:03:28,353] (ProjectPackageList.java:generateComponents:481) - Filepath-zip mapping is null or empty for package 'Salesforce Connected Apps' [0A390000000654qCAA] - skipping component generation
 WARN [2015-02-05 18:03:28,354] (ComponentFactory.java:getComponentByFilePath:622) - No id found for filepath 'modules/S91_for_Windows_oauth/ConnectivityDevConfigs/S91_for_Windows_oauth_devConfig.ConnectivityDevConfig', tagging as component of type 'Unknown'
 WARN [2015-02-05 18:03:28,355] (ComponentFactory.java:getComponentByFilePath:622) - No id found for filepath 'modules/S91_for_Windows_oauth/modules/sf_chttr_apps__S91_for_Windows_oauth', tagging as component of type 'Unknown'
 WARN [2015-02-05 18:03:28,356] (ComponentFactory.java:getComponentByFilePath:622) - No id found for filepath 'applicationManifests/Salesforce1_for_Windows', tagging as component of type 'Unknown'
 WARN [2015-02-05 18:03:28,358] (ComponentFactory.java:getComponentByFilePath:622) - No id found for filepath 'modules/Dataloader_Bulk_oauth/ConnectivityDevConfigs/Dataloader_Bulk_oauth_devConfig.ConnectivityDevConfig', tagging as component of type 'Unknown'
 WARN [2015-02-05 18:03:28,360] (ComponentFactory.java:getComponentByFilePath:622) - No id found for filepath 'modules/Dataloader_Bulk_oauth/modules/sf_com_apps__Dataloader_Bulk_oauth', tagging as component of type 'Unknown'
 WARN [2015-02-05 18:03:28,361] (ComponentFactory.java:getComponentByFilePath:622) - No id found for filepath 'applicationManifests/Dataloader_Bulk', tagging as component of type 'Unknown'
 WARN [2015-02-05 18:03:28,363] (ComponentFactory.java:getComponentByFilePath:622) - No id found for filepath 'modules/Dataloader_P5r_oauth/ConnectivityDevConfigs/Dataloader_P5r_oauth_devConfig.ConnectivityDevConfig', tagging as component of type 'Unknown'
 WARN [2015-02-05 18:03:28,364] (ComponentFactory.java:getComponentByFilePath:622) - No id found for filepath 'modules/Dataloader_P5r_oauth/modules/sf_com_apps__Dataloader_P5r_oauth', tagging as component of type 'Unknown'
 WARN [2015-02-05 18:03:28,365] (ComponentFactory.java:getComponentByFilePath:622) - No id found for filepath 'applicationManifests/Dataloader_Partner', tagging as component of type 'Unknown'
 WARN [2015-02-05 18:03:28,367] (ComponentFactory.java:getComponentByFilePath:622) - No id found for filepath 'modules/Forcecom_IDE_oauth/ConnectivityDevConfigs/Forcecom_IDE_oauth_devConfig.ConnectivityDevConfig', tagging as component of type 'Unknown'
 WARN [2015-02-05 18:03:28,368] (ComponentFactory.java:getComponentByFilePath:622) - No id found for filepath 'modules/Forcecom_IDE_oauth/modules/sf_com_apps__Forcecom_IDE_oauth', tagging as component of type 'Unknown'
 WARN [2015-02-05 18:03:28,369] (ComponentFactory.java:getComponentByFilePath:622) - No id found for filepath 'applicationManifests/Forcecom_IDE', tagging as component of type 'Unknown'
 WARN [2015-02-05 18:03:28,371] (ComponentFactory.java:getComponentByFilePath:622) - No id found for filepath 'modules/Forcecom_Migration_Tool_oauth/ConnectivityDevConfigs/Forcecom_Migration_Tool_oauth_devConfig.ConnectivityDevConfig', tagging as component of type 'Unknown'
 WARN [2015-02-05 18:03:28,372] (ComponentFactory.java:getComponentByFilePath:622) - No id found for filepath 'modules/Forcecom_Migration_Tool_oauth/modules/sf_com_apps__Forcecom_Migration_Tool_oauth', tagging as component of type 'Unknown'
 WARN [2015-02-05 18:03:28,373] (ComponentFactory.java:getComponentByFilePath:622) - No id found for filepath 'applicationManifests/Forcecom_Migration_Tool', tagging as component of type 'Unknown'
 WARN [2015-02-05 18:03:28,374] (ComponentFactory.java:getComponentByFilePath:622) - No id found for filepath 'modules/S8e_M4e_Dashboards_oauth/ConnectivityDevConfigs/S8e_M4e_Dashboards_oauth_devConfig.ConnectivityDevConfig', tagging as component of type 'Unknown'
 WARN [2015-02-05 18:03:28,375] (ComponentFactory.java:getComponentByFilePath:622) - No id found for filepath 'modules/S8e_M4e_Dashboards_oauth/modules/sf_com_apps__S8e_M4e_Dashboards_oauth', tagging as component of type 'Unknown'
 WARN [2015-02-05 18:03:28,376] (ComponentFactory.java:getComponentByFilePath:622) - No id found for filepath 'applicationManifests/Salesforce_Mobile_Dashboards', tagging as component of type 'Unknown'
 WARN [2015-02-05 18:03:28,377] (ComponentFactory.java:getComponentByFilePath:622) - No id found for filepath 'modules/S8e_T3h_oauth/ConnectivityDevConfigs/S8e_T3h_oauth_devConfig.ConnectivityDevConfig', tagging as component of type 'Unknown'
 WARN [2015-02-05 18:03:28,378] (ComponentFactory.java:getComponentByFilePath:622) - No id found for filepath 'modules/S8e_T3h_oauth/modules/sf_com_apps__S8e_T3h_oauth', tagging as component of type 'Unknown'
 WARN [2015-02-05 18:03:28,379] (ComponentFactory.java:getComponentByFilePath:622) - No id found for filepath 'applicationManifests/Salesforce_Touch', tagging as component of type 'Unknown'
 WARN [2015-02-05 18:03:28,380] (ComponentFactory.java:getComponentByFilePath:622) - No id found for filepath 'modules/C5r_Desktop_oauth/ConnectivityDevConfigs/C5r_Desktop_oauth_devConfig.ConnectivityDevConfig', tagging as component of type 'Unknown'
 WARN [2015-02-05 18:03:28,381] (ComponentFactory.java:getComponentByFilePath:622) - No id found for filepath 'modules/C5r_Desktop_oauth/modules/sf_chttr_apps__C5r_Desktop_oauth', tagging as component of type 'Unknown'
 WARN [2015-02-05 18:03:28,382] (ComponentFactory.java:getComponentByFilePath:622) - No id found for filepath 'applicationManifests/Chatter_Desktop', tagging as component of type 'Unknown'
 WARN [2015-02-05 18:03:28,384] (ComponentFactory.java:getComponentByFilePath:622) - No id found for filepath 'modules/C5r_for_Android_oauth_android/AndroidPushApplicationSetup/C5r_for_Android_oauth_androidAndroidPushApplicationSetup.AndroidPushApplicationSetup', tagging as component of type 'Unknown'
 WARN [2015-02-05 18:03:28,385] (ComponentFactory.java:getComponentByFilePath:622) - No id found for filepath 'modules/C5r_for_Android_oauth_android/modules/sf_chttr_apps__C5r_for_Android_oauth_android', tagging as component of type 'Unknown'
 WARN [2015-02-05 18:03:28,386] (ComponentFactory.java:getComponentByFilePath:622) - No id found for filepath 'modules/C5r_for_Android_oauth/ConnectivityDevConfigs/C5r_for_Android_oauth_devConfig.ConnectivityDevConfig', tagging as component of type 'Unknown'
 WARN [2015-02-05 18:03:28,387] (ComponentFactory.java:getComponentByFilePath:622) - No id found for filepath 'modules/C5r_for_Android_oauth/modules/sf_chttr_apps__C5r_for_Android_oauth', tagging as component of type 'Unknown'
 WARN [2015-02-05 18:03:28,388] (ComponentFactory.java:getComponentByFilePath:622) - No id found for filepath 'applicationManifests/Chatter_for_Android', tagging as component of type 'Unknown'
 WARN [2015-02-05 18:03:28,389] (ComponentFactory.java:getComponentByFilePath:622) - No id found for filepath 'modules/C5r_for_BlackBerry_oauth/ConnectivityDevConfigs/C5r_for_BlackBerry_oauth_devConfig.ConnectivityDevConfig', tagging as component of type 'Unknown'
 WARN [2015-02-05 18:03:28,390] (ComponentFactory.java:getComponentByFilePath:622) - No id found for filepath 'modules/C5r_for_BlackBerry_oauth/modules/sf_chttr_apps__C5r_for_BlackBerry_oauth', tagging as component of type 'Unknown'
 WARN [2015-02-05 18:03:28,391] (ComponentFactory.java:getComponentByFilePath:622) - No id found for filepath 'applicationManifests/Chatter_for_BlackBerry', tagging as component of type 'Unknown'
 WARN [2015-02-05 18:03:28,392] (ComponentFactory.java:getComponentByFilePath:622) - No id found for filepath 'modules/C5r_for_iOS_oauth_apple/ApplePushApplicationSetup/C5r_for_iOS_oauth_appleApplePushApplicationSetup.ApplePushApplicationSetup', tagging as component of type 'Unknown'
 WARN [2015-02-05 18:03:28,393] (ComponentFactory.java:getComponentByFilePath:622) - No id found for filepath 'modules/C5r_for_iOS_oauth_apple/modules/sf_chttr_apps__C5r_for_iOS_oauth_apple', tagging as component of type 'Unknown'
 WARN [2015-02-05 18:03:28,394] (ComponentFactory.java:getComponentByFilePath:622) - No id found for filepath 'modules/C5r_for_iOS_oauth/ConnectivityDevConfigs/C5r_for_iOS_oauth_devConfig.ConnectivityDevConfig', tagging as component of type 'Unknown'
 WARN [2015-02-05 18:03:28,395] (ComponentFactory.java:getComponentByFilePath:622) - No id found for filepath 'modules/C5r_for_iOS_oauth/modules/sf_chttr_apps__C5r_for_iOS_oauth', tagging as component of type 'Unknown'
 WARN [2015-02-05 18:03:28,396] (ComponentFactory.java:getComponentByFilePath:622) - No id found for filepath 'applicationManifests/Chatter_for_iOS', tagging as component of type 'Unknown'
 WARN [2015-02-05 18:03:28,397] (ComponentFactory.java:getComponentByFilePath:622) - No id found for filepath 'modules/S9A_oauth/ConnectivityDevConfigs/S9A_oauth_devConfig.ConnectivityDevConfig', tagging as component of type 'Unknown'
 WARN [2015-02-05 18:03:28,398] (ComponentFactory.java:getComponentByFilePath:622) - No id found for filepath 'modules/S9A_oauth/modules/sf_chttr_apps__S9A_oauth', tagging as component of type 'Unknown'
 WARN [2015-02-05 18:03:28,399] (ComponentFactory.java:getComponentByFilePath:622) - No id found for filepath 'applicationManifests/SalesforceA', tagging as component of type 'Unknown'
 WARN [2015-02-05 18:03:28,400] (ComponentFactory.java:getComponentByFilePath:622) - No id found for filepath 'modules/S8e_C8x_oauth/ConnectivityDevConfigs/S8e_C8x_oauth_devConfig.ConnectivityDevConfig', tagging as component of type 'Unknown'
 WARN [2015-02-05 18:03:28,401] (ComponentFactory.java:getComponentByFilePath:622) - No id found for filepath 'modules/S8e_C8x_oauth/modules/sf_chttr_apps__S8e_C8x_oauth', tagging as component of type 'Unknown'
 WARN [2015-02-05 18:03:28,402] (ComponentFactory.java:getComponentByFilePath:622) - No id found for filepath 'applicationManifests/Salesforce_Chatterbox', tagging as component of type 'Unknown'
ERROR [2015-02-05 18:03:28,402] (ProjectPackageList.java:generateComponents:481) - Filepath-zip mapping is null or empty for package 'Salesforce1 and Chatter Apps' [0A3900000006ITYCA2] - skipping component generation
 WARN [2015-02-05 19:57:59,534] (ComponentFactory.java:getComponentBean:1154) - Unable to get component for id 'ExternalDataSource': Unable to get bean for id 'ExternalDataSource'
 WARN [2015-02-05 19:57:59,586] (ComponentFactory.java:getComponentBean:1154) - Unable to get component for id 'SynonymDictionary': Unable to get bean for id 'SynonymDictionary'
 WARN [2015-02-05 19:58:00,387] (ComponentFactory.java:getComponentBean:1154) - Unable to get component for id 'ExternalDataSource': Unable to get bean for id 'ExternalDataSource'
 WARN [2015-02-05 19:58:00,402] (ComponentFactory.java:getComponentBean:1154) - Unable to get component for id 'SynonymDictionary': Unable to get bean for id 'SynonymDictionary'
 WARN [2015-02-05 19:58:13,452] (ProjectController.java:handleRetrieveResults:772) - Failed to retrieve: 'Salesforce Connected Apps/package.xml': Metadata API received improper input. Please ensure file name and capitalization is correct. Load of metadata from db failed for metadata of type:ConnectedApp and file name:Forcecom_IDE.
 WARN [2015-02-05 19:58:13,454] (ProjectController.java:handleRetrieveResults:772) - Failed to retrieve: 'Salesforce Connected Apps/package.xml': Metadata API received improper input. Please ensure file name and capitalization is correct. Load of metadata from db failed for metadata of type:ConnectedApp and file name:Dataloader_Partner.
 WARN [2015-02-05 19:58:13,572] (ProjectController.java:handleRetrieveResults:772) - Failed to retrieve: 'Salesforce Connected Apps/package.xml': Metadata API received improper input. Please ensure file name and capitalization is correct. Load of metadata from db failed for metadata of type:ConnectedApp and file name:Dataloader_Bulk.
 WARN [2015-02-05 19:58:13,573] (ProjectController.java:handleRetrieveResults:772) - Failed to retrieve: 'Salesforce Connected Apps/package.xml': Metadata API received improper input. Please ensure file name and capitalization is correct. Load of metadata from db failed for metadata of type:ConnectedApp and file name:Workbench.
 WARN [2015-02-05 19:58:13,633] (ProjectController.java:handleRetrieveResults:772) - Failed to retrieve: 'Salesforce Connected Apps/package.xml': Metadata API received improper input. Please ensure file name and capitalization is correct. Load of metadata from db failed for metadata of type:ConnectedApp and file name:Salesforce_for_Outlook.
 WARN [2015-02-05 19:58:13,635] (ProjectController.java:handleRetrieveResults:772) - Failed to retrieve: 'Salesforce Connected Apps/package.xml': Metadata API received improper input. Please ensure file name and capitalization is correct. Load of metadata from db failed for metadata of type:ConnectedApp and file name:Salesforce_Touch.
 WARN [2015-02-05 19:58:13,636] (ProjectController.java:handleRetrieveResults:772) - Failed to retrieve: 'Salesforce Connected Apps/package.xml': Metadata API received improper input. Please ensure file name and capitalization is correct. Load of metadata from db failed for metadata of type:ConnectedApp and file name:Salesforce_Mobile_Dashboards.
 WARN [2015-02-05 19:58:13,637] (ProjectController.java:handleRetrieveResults:772) - Failed to retrieve: 'Salesforce Connected Apps/package.xml': Metadata API received improper input. Please ensure file name and capitalization is correct. Load of metadata from db failed for metadata of type:ConnectedApp and file name:Forcecom_Migration_Tool.
 WARN [2015-02-05 19:58:13,638] (ProjectController.java:handleRetrieveResults:772) - Failed to retrieve: 'Salesforce1 and Chatter Apps/package.xml': Metadata API received improper input. Please ensure file name and capitalization is correct. Load of metadata from db failed for metadata of type:ConnectedApp and file name:Salesforce1_for_Windows.
 WARN [2015-02-05 19:58:13,639] (ProjectController.java:handleRetrieveResults:772) - Failed to retrieve: 'Salesforce1 and Chatter Apps/package.xml': Metadata API received improper input. Please ensure file name and capitalization is correct. Load of metadata from db failed for metadata of type:ConnectedApp and file name:Salesforce_Chatterbox.
 WARN [2015-02-05 19:58:13,639] (ProjectController.java:handleRetrieveResults:772) - Failed to retrieve: 'Salesforce1 and Chatter Apps/package.xml': Metadata API received improper input. Please ensure file name and capitalization is correct. Load of metadata from db failed for metadata of type:ConnectedApp and file name:SalesforceA.
 WARN [2015-02-05 19:58:13,640] (ProjectController.java:handleRetrieveResults:772) - Failed to retrieve: 'Salesforce1 and Chatter Apps/package.xml': Metadata API received improper input. Please ensure file name and capitalization is correct. Load of metadata from db failed for metadata of type:ConnectedApp and file name:Chatter_for_Android.
 WARN [2015-02-05 19:58:13,641] (ProjectController.java:handleRetrieveResults:772) - Failed to retrieve: 'Salesforce1 and Chatter Apps/package.xml': Metadata API received improper input. Please ensure file name and capitalization is correct. Load of metadata from db failed for metadata of type:ConnectedApp and file name:Chatter_Desktop.
 WARN [2015-02-05 19:58:13,641] (ProjectController.java:handleRetrieveResults:772) - Failed to retrieve: 'Salesforce1 and Chatter Apps/package.xml': Metadata API received improper input. Please ensure file name and capitalization is correct. Load of metadata from db failed for metadata of type:ConnectedApp and file name:Chatter_for_iOS.
 WARN [2015-02-05 19:58:13,642] (ProjectController.java:handleRetrieveResults:772) - Failed to retrieve: 'Salesforce1 and Chatter Apps/package.xml': Metadata API received improper input. Please ensure file name and capitalization is correct. Load of metadata from db failed for metadata of type:ConnectedApp and file name:Chatter_for_BlackBerry.
 WARN [2015-02-05 19:58:13,665] (ComponentFactory.java:getComponentByFilePath:622) - No id found for filepath 'modules/S8e_for_Outlook_oauth/ConnectivityDevConfigs/S8e_for_Outlook_oauth_devConfig.ConnectivityDevConfig', tagging as component of type 'Unknown'
 WARN [2015-02-05 19:58:13,670] (ComponentFactory.java:getComponentByFilePath:622) - No id found for filepath 'modules/S8e_for_Outlook_oauth/modules/sf_com_apps__S8e_for_Outlook_oauth', tagging as component of type 'Unknown'
 WARN [2015-02-05 19:58:13,678] (ComponentFactory.java:getComponentByFilePath:622) - No id found for filepath 'applicationManifests/Salesforce_for_Outlook', tagging as component of type 'Unknown'
 WARN [2015-02-05 19:58:13,679] (ComponentFactory.java:getComponentByFilePath:622) - No id found for filepath 'modules/Workbench_oauth_c4s/Canvases/Workbench_oauth_c4sCanvas.Canvas', tagging as component of type 'Unknown'
 WARN [2015-02-05 19:58:13,681] (ComponentFactory.java:getComponentByFilePath:622) - No id found for filepath 'modules/Workbench_oauth_c4s/modules/sf_com_apps__Workbench_oauth_c4s', tagging as component of type 'Unknown'
 WARN [2015-02-05 19:58:13,682] (ComponentFactory.java:getComponentByFilePath:622) - No id found for filepath 'modules/Workbench_oauth/ConnectivityDevConfigs/Workbench_oauth_devConfig.ConnectivityDevConfig', tagging as component of type 'Unknown'
 WARN [2015-02-05 19:58:13,684] (ComponentFactory.java:getComponentByFilePath:622) - No id found for filepath 'modules/Workbench_oauth/modules/sf_com_apps__Workbench_oauth', tagging as component of type 'Unknown'
 WARN [2015-02-05 19:58:13,686] (ComponentFactory.java:getComponentByFilePath:622) - No id found for filepath 'applicationManifests/Workbench', tagging as component of type 'Unknown'
ERROR [2015-02-05 19:58:13,687] (ProjectPackageList.java:generateComponents:481) - Filepath-zip mapping is null or empty for package 'Salesforce Connected Apps' [0A390000000654qCAA] - skipping component generation
 WARN [2015-02-05 19:58:13,688] (ComponentFactory.java:getComponentByFilePath:622) - No id found for filepath 'modules/S91_for_Windows_oauth/ConnectivityDevConfigs/S91_for_Windows_oauth_devConfig.ConnectivityDevConfig', tagging as component of type 'Unknown'
 WARN [2015-02-05 19:58:13,690] (ComponentFactory.java:getComponentByFilePath:622) - No id found for filepath 'modules/S91_for_Windows_oauth/modules/sf_chttr_apps__S91_for_Windows_oauth', tagging as component of type 'Unknown'
 WARN [2015-02-05 19:58:13,691] (ComponentFactory.java:getComponentByFilePath:622) - No id found for filepath 'applicationManifests/Salesforce1_for_Windows', tagging as component of type 'Unknown'
 WARN [2015-02-05 19:58:13,692] (ComponentFactory.java:getComponentByFilePath:622) - No id found for filepath 'modules/Dataloader_Bulk_oauth/ConnectivityDevConfigs/Dataloader_Bulk_oauth_devConfig.ConnectivityDevConfig', tagging as component of type 'Unknown'
 WARN [2015-02-05 19:58:13,693] (ComponentFactory.java:getComponentByFilePath:622) - No id found for filepath 'modules/Dataloader_Bulk_oauth/modules/sf_com_apps__Dataloader_Bulk_oauth', tagging as component of type 'Unknown'
 WARN [2015-02-05 19:58:13,694] (ComponentFactory.java:getComponentByFilePath:622) - No id found for filepath 'applicationManifests/Dataloader_Bulk', tagging as component of type 'Unknown'
 WARN [2015-02-05 19:58:13,695] (ComponentFactory.java:getComponentByFilePath:622) - No id found for filepath 'modules/Dataloader_P5r_oauth/ConnectivityDevConfigs/Dataloader_P5r_oauth_devConfig.ConnectivityDevConfig', tagging as component of type 'Unknown'
 WARN [2015-02-05 19:58:13,697] (ComponentFactory.java:getComponentByFilePath:622) - No id found for filepath 'modules/Dataloader_P5r_oauth/modules/sf_com_apps__Dataloader_P5r_oauth', tagging as component of type 'Unknown'
 WARN [2015-02-05 19:58:13,698] (ComponentFactory.java:getComponentByFilePath:622) - No id found for filepath 'applicationManifests/Dataloader_Partner', tagging as component of type 'Unknown'
 WARN [2015-02-05 19:58:13,699] (ComponentFactory.java:getComponentByFilePath:622) - No id found for filepath 'modules/Forcecom_IDE_oauth/ConnectivityDevConfigs/Forcecom_IDE_oauth_devConfig.ConnectivityDevConfig', tagging as component of type 'Unknown'
 WARN [2015-02-05 19:58:13,700] (ComponentFactory.java:getComponentByFilePath:622) - No id found for filepath 'modules/Forcecom_IDE_oauth/modules/sf_com_apps__Forcecom_IDE_oauth', tagging as component of type 'Unknown'
 WARN [2015-02-05 19:58:13,701] (ComponentFactory.java:getComponentByFilePath:622) - No id found for filepath 'applicationManifests/Forcecom_IDE', tagging as component of type 'Unknown'
 WARN [2015-02-05 19:58:13,702] (ComponentFactory.java:getComponentByFilePath:622) - No id found for filepath 'modules/Forcecom_Migration_Tool_oauth/ConnectivityDevConfigs/Forcecom_Migration_Tool_oauth_devConfig.ConnectivityDevConfig', tagging as component of type 'Unknown'
 WARN [2015-02-05 19:58:13,704] (ComponentFactory.java:getComponentByFilePath:622) - No id found for filepath 'modules/Forcecom_Migration_Tool_oauth/modules/sf_com_apps__Forcecom_Migration_Tool_oauth', tagging as component of type 'Unknown'
 WARN [2015-02-05 19:58:13,705] (ComponentFactory.java:getComponentByFilePath:622) - No id found for filepath 'applicationManifests/Forcecom_Migration_Tool', tagging as component of type 'Unknown'
 WARN [2015-02-05 19:58:13,706] (ComponentFactory.java:getComponentByFilePath:622) - No id found for filepath 'modules/S8e_M4e_Dashboards_oauth/ConnectivityDevConfigs/S8e_M4e_Dashboards_oauth_devConfig.ConnectivityDevConfig', tagging as component of type 'Unknown'
 WARN [2015-02-05 19:58:13,707] (ComponentFactory.java:getComponentByFilePath:622) - No id found for filepath 'modules/S8e_M4e_Dashboards_oauth/modules/sf_com_apps__S8e_M4e_Dashboards_oauth', tagging as component of type 'Unknown'
 WARN [2015-02-05 19:58:13,708] (ComponentFactory.java:getComponentByFilePath:622) - No id found for filepath 'applicationManifests/Salesforce_Mobile_Dashboards', tagging as component of type 'Unknown'
 WARN [2015-02-05 19:58:13,710] (ComponentFactory.java:getComponentByFilePath:622) - No id found for filepath 'modules/S8e_T3h_oauth/ConnectivityDevConfigs/S8e_T3h_oauth_devConfig.ConnectivityDevConfig', tagging as component of type 'Unknown'
 WARN [2015-02-05 19:58:13,711] (ComponentFactory.java:getComponentByFilePath:622) - No id found for filepath 'modules/S8e_T3h_oauth/modules/sf_com_apps__S8e_T3h_oauth', tagging as component of type 'Unknown'
 WARN [2015-02-05 19:58:13,712] (ComponentFactory.java:getComponentByFilePath:622) - No id found for filepath 'applicationManifests/Salesforce_Touch', tagging as component of type 'Unknown'
 WARN [2015-02-05 19:58:13,713] (ComponentFactory.java:getComponentByFilePath:622) - No id found for filepath 'modules/C5r_Desktop_oauth/ConnectivityDevConfigs/C5r_Desktop_oauth_devConfig.ConnectivityDevConfig', tagging as component of type 'Unknown'
 WARN [2015-02-05 19:58:13,714] (ComponentFactory.java:getComponentByFilePath:622) - No id found for filepath 'modules/C5r_Desktop_oauth/modules/sf_chttr_apps__C5r_Desktop_oauth', tagging as component of type 'Unknown'
 WARN [2015-02-05 19:58:13,716] (ComponentFactory.java:getComponentByFilePath:622) - No id found for filepath 'applicationManifests/Chatter_Desktop', tagging as component of type 'Unknown'
 WARN [2015-02-05 19:58:13,717] (ComponentFactory.java:getComponentByFilePath:622) - No id found for filepath 'modules/C5r_for_Android_oauth_android/AndroidPushApplicationSetup/C5r_for_Android_oauth_androidAndroidPushApplicationSetup.AndroidPushApplicationSetup', tagging as component of type 'Unknown'
 WARN [2015-02-05 19:58:13,718] (ComponentFactory.java:getComponentByFilePath:622) - No id found for filepath 'modules/C5r_for_Android_oauth_android/modules/sf_chttr_apps__C5r_for_Android_oauth_android', tagging as component of type 'Unknown'
 WARN [2015-02-05 19:58:13,719] (ComponentFactory.java:getComponentByFilePath:622) - No id found for filepath 'modules/C5r_for_Android_oauth/ConnectivityDevConfigs/C5r_for_Android_oauth_devConfig.ConnectivityDevConfig', tagging as component of type 'Unknown'
 WARN [2015-02-05 19:58:13,720] (ComponentFactory.java:getComponentByFilePath:622) - No id found for filepath 'modules/C5r_for_Android_oauth/modules/sf_chttr_apps__C5r_for_Android_oauth', tagging as component of type 'Unknown'
 WARN [2015-02-05 19:58:13,722] (ComponentFactory.java:getComponentByFilePath:622) - No id found for filepath 'applicationManifests/Chatter_for_Android', tagging as component of type 'Unknown'
 WARN [2015-02-05 19:58:13,723] (ComponentFactory.java:getComponentByFilePath:622) - No id found for filepath 'modules/C5r_for_BlackBerry_oauth/ConnectivityDevConfigs/C5r_for_BlackBerry_oauth_devConfig.ConnectivityDevConfig', tagging as component of type 'Unknown'
 WARN [2015-02-05 19:58:13,724] (ComponentFactory.java:getComponentByFilePath:622) - No id found for filepath 'modules/C5r_for_BlackBerry_oauth/modules/sf_chttr_apps__C5r_for_BlackBerry_oauth', tagging as component of type 'Unknown'
 WARN [2015-02-05 19:58:13,725] (ComponentFactory.java:getComponentByFilePath:622) - No id found for filepath 'applicationManifests/Chatter_for_BlackBerry', tagging as component of type 'Unknown'
 WARN [2015-02-05 19:58:13,727] (ComponentFactory.java:getComponentByFilePath:622) - No id found for filepath 'modules/C5r_for_iOS_oauth_apple/ApplePushApplicationSetup/C5r_for_iOS_oauth_appleApplePushApplicationSetup.ApplePushApplicationSetup', tagging as component of type 'Unknown'
 WARN [2015-02-05 19:58:13,728] (ComponentFactory.java:getComponentByFilePath:622) - No id found for filepath 'modules/C5r_for_iOS_oauth_apple/modules/sf_chttr_apps__C5r_for_iOS_oauth_apple', tagging as component of type 'Unknown'
 WARN [2015-02-05 19:58:13,729] (ComponentFactory.java:getComponentByFilePath:622) - No id found for filepath 'modules/C5r_for_iOS_oauth/ConnectivityDevConfigs/C5r_for_iOS_oauth_devConfig.ConnectivityDevConfig', tagging as component of type 'Unknown'
 WARN [2015-02-05 19:58:13,730] (ComponentFactory.java:getComponentByFilePath:622) - No id found for filepath 'modules/C5r_for_iOS_oauth/modules/sf_chttr_apps__C5r_for_iOS_oauth', tagging as component of type 'Unknown'
 WARN [2015-02-05 19:58:13,731] (ComponentFactory.java:getComponentByFilePath:622) - No id found for filepath 'applicationManifests/Chatter_for_iOS', tagging as component of type 'Unknown'
 WARN [2015-02-05 19:58:13,732] (ComponentFactory.java:getComponentByFilePath:622) - No id found for filepath 'modules/S9A_oauth/ConnectivityDevConfigs/S9A_oauth_devConfig.ConnectivityDevConfig', tagging as component of type 'Unknown'
 WARN [2015-02-05 19:58:13,733] (ComponentFactory.java:getComponentByFilePath:622) - No id found for filepath 'modules/S9A_oauth/modules/sf_chttr_apps__S9A_oauth', tagging as component of type 'Unknown'
 WARN [2015-02-05 19:58:13,734] (ComponentFactory.java:getComponentByFilePath:622) - No id found for filepath 'applicationManifests/SalesforceA', tagging as component of type 'Unknown'
 WARN [2015-02-05 19:58:13,735] (ComponentFactory.java:getComponentByFilePath:622) - No id found for filepath 'modules/S8e_C8x_oauth/ConnectivityDevConfigs/S8e_C8x_oauth_devConfig.ConnectivityDevConfig', tagging as component of type 'Unknown'
 WARN [2015-02-05 19:58:13,736] (ComponentFactory.java:getComponentByFilePath:622) - No id found for filepath 'modules/S8e_C8x_oauth/modules/sf_chttr_apps__S8e_C8x_oauth', tagging as component of type 'Unknown'
 WARN [2015-02-05 19:58:13,737] (ComponentFactory.java:getComponentByFilePath:622) - No id found for filepath 'applicationManifests/Salesforce_Chatterbox', tagging as component of type 'Unknown'
ERROR [2015-02-05 19:58:13,738] (ProjectPackageList.java:generateComponents:481) - Filepath-zip mapping is null or empty for package 'Salesforce1 and Chatter Apps' [0A3900000006ITYCA2] - skipping component generation
 WARN [2015-02-05 19:58:30,856] (ProjectPackageList.java:saveResources:1158) - Component list in project package 'Salesforce Connected Apps' is empty.  No resources to save.
 WARN [2015-02-05 19:58:31,557] (ProjectPackageList.java:saveResources:1158) - Component list in project package 'Salesforce1 and Chatter Apps' is empty.  No resources to save.
 WARN [2015-02-05 20:04:01,799] (ComponentFactory.java:getComponentByFilePath:622) - No id found for filepath 'WareHouse/.git/HEAD', tagging as component of type 'Unknown'
 WARN [2015-02-05 20:04:01,841] (ComponentFactory.java:getComponentByFilePath:622) - No id found for filepath 'WareHouse/.git/HEAD', tagging as component of type 'Unknown'
 WARN [2015-02-05 20:04:01,884] (ComponentFactory.java:getComponentByFilePath:622) - No id found for filepath 'WareHouse/.git/config', tagging as component of type 'Unknown'
 WARN [2015-02-05 20:04:01,930] (ComponentFactory.java:getComponentByFilePath:622) - No id found for filepath 'WareHouse/.git/config', tagging as component of type 'Unknown'
 WARN [2015-02-05 20:04:01,936] (DefaultBuilder.java:applyDirtyMarkers:94) - TODO: apply 'Save locally only...' markers on each resource
 WARN [2015-02-05 20:04:05,076] (ComponentFactory.java:getComponentByFilePath:622) - No id found for filepath 'src/WareHouse/.git/HEAD', tagging as component of type 'Unknown'
 WARN [2015-02-05 20:04:05,078] (ComponentFactory.java:getComponentByFilePath:622) - No id found for filepath 'src/WareHouse/.git/HEAD', tagging as component of type 'Unknown'
 WARN [2015-02-05 20:04:05,090] (ComponentFactory.java:getComponentByFilePath:622) - No id found for filepath 'src/WareHouse/.git/config', tagging as component of type 'Unknown'
 WARN [2015-02-05 20:04:05,092] (ComponentFactory.java:getComponentByFilePath:622) - No id found for filepath 'src/WareHouse/.git/config', tagging as component of type 'Unknown'
 WARN [2015-02-05 20:04:05,093] (ComponentFactory.java:getComponentByFilePath:622) - No id found for filepath 'src/WareHouse/.git/description', tagging as component of type 'Unknown'
 WARN [2015-02-05 20:04:05,094] (ComponentFactory.java:getComponentByFilePath:622) - No id found for filepath 'src/WareHouse/.git/description', tagging as component of type 'Unknown'
 WARN [2015-02-05 20:04:05,108] (ComponentFactory.java:getComponentByFilePath:622) - No id found for filepath 'src/WareHouse/.git/hooks/applypatch-msg.sample', tagging as component of type 'Unknown'
 WARN [2015-02-05 20:04:05,109] (ComponentFactory.java:getComponentByFilePath:622) - No id found for filepath 'src/WareHouse/.git/hooks/applypatch-msg.sample', tagging as component of type 'Unknown'
 WARN [2015-02-05 20:04:05,111] (ComponentFactory.java:getComponentByFilePath:622) - No id found for filepath 'src/WareHouse/.git/hooks/commit-msg.sample', tagging as component of type 'Unknown'
 WARN [2015-02-05 20:04:05,111] (ComponentFactory.java:getComponentByFilePath:622) - No id found for filepath 'src/WareHouse/.git/hooks/commit-msg.sample', tagging as component of type 'Unknown'
 WARN [2015-02-05 20:04:05,112] (ComponentFactory.java:getComponentByFilePath:622) - No id found for filepath 'src/WareHouse/.git/hooks/post-update.sample', tagging as component of type 'Unknown'
 WARN [2015-02-05 20:04:05,113] (ComponentFactory.java:getComponentByFilePath:622) - No id found for filepath 'src/WareHouse/.git/hooks/post-update.sample', tagging as component of type 'Unknown'
 WARN [2015-02-05 20:04:05,115] (ComponentFactory.java:getComponentByFilePath:622) - No id found for filepath 'src/WareHouse/.git/hooks/pre-applypatch.sample', tagging as component of type 'Unknown'
 WARN [2015-02-05 20:04:05,116] (ComponentFactory.java:getComponentByFilePath:622) - No id found for filepath 'src/WareHouse/.git/hooks/pre-applypatch.sample', tagging as component of type 'Unknown'
 WARN [2015-02-05 20:04:05,118] (ComponentFactory.java:getComponentByFilePath:622) - No id found for filepath 'src/WareHouse/.git/hooks/pre-commit.sample', tagging as component of type 'Unknown'
 WARN [2015-02-05 20:04:05,118] (ComponentFactory.java:getComponentByFilePath:622) - No id found for filepath 'src/WareHouse/.git/hooks/pre-commit.sample', tagging as component of type 'Unknown'
 WARN [2015-02-05 20:04:05,120] (ComponentFactory.java:getComponentByFilePath:622) - No id found for filepath 'src/WareHouse/.git/hooks/pre-push.sample', tagging as component of type 'Unknown'
 WARN [2015-02-05 20:04:05,121] (ComponentFactory.java:getComponentByFilePath:622) - No id found for filepath 'src/WareHouse/.git/hooks/pre-push.sample', tagging as component of type 'Unknown'
 WARN [2015-02-05 20:04:05,123] (ComponentFactory.java:getComponentByFilePath:622) - No id found for filepath 'src/WareHouse/.git/hooks/pre-rebase.sample', tagging as component of type 'Unknown'
 WARN [2015-02-05 20:04:05,124] (ComponentFactory.java:getComponentByFilePath:622) - No id found for filepath 'src/WareHouse/.git/hooks/pre-rebase.sample', tagging as component of type 'Unknown'
 WARN [2015-02-05 20:04:05,126] (ComponentFactory.java:getComponentByFilePath:622) - No id found for filepath 'src/WareHouse/.git/hooks/prepare-commit-msg.sample', tagging as component of type 'Unknown'
 WARN [2015-02-05 20:04:05,127] (ComponentFactory.java:getComponentByFilePath:622) - No id found for filepath 'src/WareHouse/.git/hooks/prepare-commit-msg.sample', tagging as component of type 'Unknown'
 WARN [2015-02-05 20:04:05,129] (ComponentFactory.java:getComponentByFilePath:622) - No id found for filepath 'src/WareHouse/.git/hooks/update.sample', tagging as component of type 'Unknown'
 WARN [2015-02-05 20:04:05,130] (ComponentFactory.java:getComponentByFilePath:622) - No id found for filepath 'src/WareHouse/.git/hooks/update.sample', tagging as component of type 'Unknown'
 WARN [2015-02-05 20:04:05,132] (ComponentFactory.java:getComponentByFilePath:622) - No id found for filepath 'src/WareHouse/.git/info/exclude', tagging as component of type 'Unknown'
 WARN [2015-02-05 20:04:05,133] (ComponentFactory.java:getComponentByFilePath:622) - No id found for filepath 'src/WareHouse/.git/info/exclude', tagging as component of type 'Unknown'
 WARN [2015-02-05 20:04:05,137] (DefaultBuilder.java:applyDirtyMarkers:94) - TODO: apply 'Save locally only...' markers on each resource
 WARN [2015-02-05 20:24:41,130] (ComponentFactory.java:getComponentByFilePath:622) - No id found for filepath '.DS_Store', tagging as component of type 'Unknown'
 WARN [2015-02-05 20:24:41,131] (ComponentFactory.java:getComponentByFilePath:622) - No id found for filepath '.DS_Store', tagging as component of type 'Unknown'
 WARN [2015-02-05 20:24:41,164] (ComponentFactory.java:getComponentByFilePath:622) - No id found for filepath 'src/.DS_Store', tagging as component of type 'Unknown'
 WARN [2015-02-05 20:24:41,176] (ComponentFactory.java:getComponentByFilePath:622) - No id found for filepath 'src/.DS_Store', tagging as component of type 'Unknown'
 WARN [2015-02-05 20:24:41,198] (DefaultBuilder.java:applyDirtyMarkers:94) - TODO: apply 'Save locally only...' markers on each resource
 WARN [2015-02-05 23:15:05,689] (ComponentFactory.java:getComponentByFilePath:622) - No id found for filepath '.git/logs/HEAD', tagging as component of type 'Unknown'
 WARN [2015-02-05 23:15:05,703] (ComponentFactory.java:getComponentByFilePath:622) - No id found for filepath '.git/logs/HEAD', tagging as component of type 'Unknown'
 WARN [2015-02-05 23:15:05,707] (ComponentFactory.java:getComponentByFilePath:622) - No id found for filepath '.git/logs/refs/heads/master', tagging as component of type 'Unknown'
 WARN [2015-02-05 23:15:05,708] (ComponentFactory.java:getComponentByFilePath:622) - No id found for filepath '.git/logs/refs/heads/master', tagging as component of type 'Unknown'
 WARN [2015-02-05 23:15:05,751] (ComponentFactory.java:getComponentByFilePath:622) - No id found for filepath '.git/refs/heads/master', tagging as component of type 'Unknown'
 WARN [2015-02-05 23:15:05,752] (ComponentFactory.java:getComponentByFilePath:622) - No id found for filepath '.git/refs/heads/master', tagging as component of type 'Unknown'
 WARN [2015-02-05 23:15:05,754] (DefaultBuilder.java:applyDirtyMarkers:94) - TODO: apply 'Save locally only...' markers on each resource
 WARN [2015-02-05 23:29:02,736] (ProjectAddEvaluator.java:runInWorkspace:118) - No credentials found for project 'Copy of WareHouse' - removing online nature
 WARN [2015-02-05 23:29:02,877] (BaseBuilder.java:checkSkipBuilder:86) - Skipping build - user credentials not found
 WARN [2015-02-05 23:29:02,883] (ComponentFactory.java:getComponentByFilePath:622) - No id found for filepath '.git/COMMIT_EDITMSG', tagging as component of type 'Unknown'
 WARN [2015-02-05 23:29:02,884] (ComponentFactory.java:getComponentByFilePath:622) - No id found for filepath '.git/COMMIT_EDITMSG', tagging as component of type 'Unknown'
 WARN [2015-02-05 23:29:02,885] (ComponentFactory.java:getComponentByFilePath:622) - No id found for filepath '.git/FETCH_HEAD', tagging as component of type 'Unknown'
 WARN [2015-02-05 23:29:02,886] (ComponentFactory.java:getComponentByFilePath:622) - No id found for filepath '.git/FETCH_HEAD', tagging as component of type 'Unknown'
 WARN [2015-02-05 23:29:02,886] (ComponentFactory.java:getComponentByFilePath:622) - No id found for filepath '.git/config', tagging as component of type 'Unknown'
 WARN [2015-02-05 23:29:02,887] (ComponentFactory.java:getComponentByFilePath:622) - No id found for filepath '.git/config', tagging as component of type 'Unknown'
 WARN [2015-02-05 23:29:02,889] (ComponentFactory.java:getComponentByFilePath:622) - No id found for filepath '.git/index', tagging as component of type 'Unknown'
 WARN [2015-02-05 23:29:02,890] (ComponentFactory.java:getComponentByFilePath:622) - No id found for filepath '.git/index', tagging as component of type 'Unknown'
 WARN [2015-02-05 23:29:02,891] (ComponentFactory.java:getComponentByFilePath:622) - No id found for filepath '.git/logs/HEAD', tagging as component of type 'Unknown'
 WARN [2015-02-05 23:29:02,892] (ComponentFactory.java:getComponentByFilePath:622) - No id found for filepath '.git/logs/HEAD', tagging as component of type 'Unknown'
 WARN [2015-02-05 23:29:02,893] (ComponentFactory.java:getComponentByFilePath:622) - No id found for filepath '.git/logs/refs/heads/master', tagging as component of type 'Unknown'
 WARN [2015-02-05 23:29:02,893] (ComponentFactory.java:getComponentByFilePath:622) - No id found for filepath '.git/logs/refs/heads/master', tagging as component of type 'Unknown'
 WARN [2015-02-05 23:29:02,903] (ComponentFactory.java:getComponentByFilePath:622) - No id found for filepath '.git/refs/heads/master', tagging as component of type 'Unknown'
 WARN [2015-02-05 23:29:02,904] (ComponentFactory.java:getComponentByFilePath:622) - No id found for filepath '.git/refs/heads/master', tagging as component of type 'Unknown'
 WARN [2015-02-05 23:29:02,905] (ComponentFactory.java:getComponentByFilePath:622) - No id found for filepath 'test/.git/HEAD', tagging as component of type 'Unknown'
 WARN [2015-02-05 23:29:02,905] (ComponentFactory.java:getComponentByFilePath:622) - No id found for filepath 'test/.git/HEAD', tagging as component of type 'Unknown'
 WARN [2015-02-05 23:29:02,906] (ComponentFactory.java:getComponentByFilePath:622) - No id found for filepath 'test/.git/config', tagging as component of type 'Unknown'
 WARN [2015-02-05 23:29:02,907] (ComponentFactory.java:getComponentByFilePath:622) - No id found for filepath 'test/.git/config', tagging as component of type 'Unknown'
 WARN [2015-02-05 23:29:02,908] (DefaultBuilder.java:applyDirtyMarkers:94) - TODO: apply 'Save locally only...' markers on each resource
 WARN [2015-02-05 23:30:09,673] (ProjectService.java:getForceProject:1650) - Unable to get authorization info - endpoint is null or empty
 WARN [2015-02-05 23:30:09,695] (BaseBuilder.java:checkSkipBuilder:86) - Skipping build - user credentials not found
 WARN [2015-02-05 23:32:40,832] (ComponentFactory.java:getComponentByFilePath:622) - No id found for filepath '.git/HEAD', tagging as component of type 'Unknown'
 WARN [2015-02-05 23:32:40,832] (ComponentFactory.java:getComponentByFilePath:622) - No id found for filepath '.git/HEAD', tagging as component of type 'Unknown'
 WARN [2015-02-05 23:32:40,833] (ComponentFactory.java:getComponentByFilePath:622) - No id found for filepath '.git/index', tagging as component of type 'Unknown'
 WARN [2015-02-05 23:32:40,834] (ComponentFactory.java:getComponentByFilePath:622) - No id found for filepath '.git/index', tagging as component of type 'Unknown'
 WARN [2015-02-05 23:32:40,835] (ComponentFactory.java:getComponentByFilePath:622) - No id found for filepath '.git/logs/HEAD', tagging as component of type 'Unknown'
 WARN [2015-02-05 23:32:40,835] (ComponentFactory.java:getComponentByFilePath:622) - No id found for filepath '.git/logs/HEAD', tagging as component of type 'Unknown'
 WARN [2015-02-05 23:32:40,836] (DefaultBuilder.java:applyDirtyMarkers:94) - TODO: apply 'Save locally only...' markers on each resource
 WARN [2015-02-05 23:59:21,296] (ComponentFactory.java:getComponentByFilePath:622) - No id found for filepath '.DS_Store', tagging as component of type 'Unknown'
 WARN [2015-02-05 23:59:21,324] (ComponentFactory.java:getComponentByFilePath:622) - No id found for filepath '.DS_Store', tagging as component of type 'Unknown'
 WARN [2015-02-05 23:59:21,352] (ComponentFactory.java:getComponentByFilePath:622) - No id found for filepath '.git/COMMIT_EDITMSG', tagging as component of type 'Unknown'
 WARN [2015-02-05 23:59:21,353] (ComponentFactory.java:getComponentByFilePath:622) - No id found for filepath '.git/COMMIT_EDITMSG', tagging as component of type 'Unknown'
 WARN [2015-02-05 23:59:21,378] (ComponentFactory.java:getComponentByFilePath:622) - No id found for filepath '.git/FETCH_HEAD', tagging as component of type 'Unknown'
 WARN [2015-02-05 23:59:21,378] (ComponentFactory.java:getComponentByFilePath:622) - No id found for filepath '.git/FETCH_HEAD', tagging as component of type 'Unknown'
 WARN [2015-02-05 23:59:21,394] (ComponentFactory.java:getComponentByFilePath:622) - No id found for filepath '.git/HEAD', tagging as component of type 'Unknown'
 WARN [2015-02-05 23:59:21,395] (ComponentFactory.java:getComponentByFilePath:622) - No id found for filepath '.git/HEAD', tagging as component of type 'Unknown'
 WARN [2015-02-05 23:59:21,396] (ComponentFactory.java:getComponentByFilePath:622) - No id found for filepath '.git/ORIG_HEAD', tagging as component of type 'Unknown'
 WARN [2015-02-05 23:59:21,396] (ComponentFactory.java:getComponentByFilePath:622) - No id found for filepath '.git/ORIG_HEAD', tagging as component of type 'Unknown'
 WARN [2015-02-05 23:59:21,397] (ComponentFactory.java:getComponentByFilePath:622) - No id found for filepath '.git/index', tagging as component of type 'Unknown'
 WARN [2015-02-05 23:59:21,398] (ComponentFactory.java:getComponentByFilePath:622) - No id found for filepath '.git/index', tagging as component of type 'Unknown'
 WARN [2015-02-05 23:59:21,398] (ComponentFactory.java:getComponentByFilePath:622) - No id found for filepath '.git/logs/HEAD', tagging as component of type 'Unknown'
 WARN [2015-02-05 23:59:21,399] (ComponentFactory.java:getComponentByFilePath:622) - No id found for filepath '.git/logs/HEAD', tagging as component of type 'Unknown'
 WARN [2015-02-05 23:59:21,418] (ComponentFactory.java:getComponentByFilePath:622) - No id found for filepath '.git/logs/refs/heads/test1', tagging as component of type 'Unknown'
 WARN [2015-02-05 23:59:21,420] (ComponentFactory.java:getComponentByFilePath:622) - No id found for filepath '.git/logs/refs/heads/test1', tagging as component of type 'Unknown'
 WARN [2015-02-05 23:59:21,464] (ComponentFactory.java:getComponentByFilePath:622) - No id found for filepath '.git/refs/heads/test1', tagging as component of type 'Unknown'
 WARN [2015-02-05 23:59:21,471] (ComponentFactory.java:getComponentByFilePath:622) - No id found for filepath '.git/refs/heads/test1', tagging as component of type 'Unknown'
 WARN [2015-02-05 23:59:21,472] (ComponentFactory.java:getComponentByFilePath:622) - No id found for filepath '.git/sourcetreeconfig', tagging as component of type 'Unknown'
 WARN [2015-02-05 23:59:21,488] (ComponentFactory.java:getComponentByFilePath:622) - No id found for filepath '.git/sourcetreeconfig', tagging as component of type 'Unknown'
 WARN [2015-02-05 23:59:21,501] (ComponentFactory.java:getComponentByFilePath:622) - No id found for filepath 'src/.DS_Store', tagging as component of type 'Unknown'
 WARN [2015-02-05 23:59:21,502] (ComponentFactory.java:getComponentByFilePath:622) - No id found for filepath 'src/.DS_Store', tagging as component of type 'Unknown'
 WARN [2015-02-05 23:59:21,530] (DefaultBuilder.java:applyDirtyMarkers:94) - TODO: apply 'Save locally only...' markers on each resource
 WARN [2015-02-06 00:00:01,258] (DefaultBuilder.java:applyDirtyMarkers:94) - TODO: apply 'Save locally only...' markers on each resource
 WARN [2015-02-06 20:32:10,991] (ConnectionFactory.java:clearCache:220) - Clearing the following cached connections
 WARN [2015-02-06 20:32:11,003] (DescribeObjectRegistry.java:clearCache:664) - Clearing cached describes
 WARN [2015-02-06 20:32:11,004] (MetadataFactory.java:clearCache:129) - Clearing the following cached metadata stubs
 WARN [2015-02-06 22:50:58,784] (ConnectionFactory.java:clearCache:220) - Clearing the following cached connections
 WARN [2015-02-06 22:50:59,239] (DescribeObjectRegistry.java:clearCache:664) - Clearing cached describes
 WARN [2015-02-06 22:50:59,248] (MetadataFactory.java:clearCache:126) - No cached metadata stubs
 WARN [2015-02-07 22:23:53,891] (ConnectionFactory.java:clearCache:220) - Clearing the following cached connections
 WARN [2015-02-07 22:23:53,918] (DescribeObjectRegistry.java:clearCache:664) - Clearing cached describes
 WARN [2015-02-07 22:23:53,919] (MetadataFactory.java:clearCache:126) - No cached metadata stubs
 WARN [2015-02-07 22:24:31,559] (ComponentFactory.java:getComponentBean:1154) - Unable to get component for id 'ExternalDataSource': Unable to get bean for id 'ExternalDataSource'
 WARN [2015-02-07 22:24:31,574] (ComponentFactory.java:getComponentBean:1154) - Unable to get component for id 'SynonymDictionary': Unable to get bean for id 'SynonymDictionary'
 WARN [2015-02-07 22:24:32,258] (ComponentFactory.java:getComponentBean:1154) - Unable to get component for id 'ExternalDataSource': Unable to get bean for id 'ExternalDataSource'
 WARN [2015-02-07 22:24:32,269] (ComponentFactory.java:getComponentBean:1154) - Unable to get component for id 'SynonymDictionary': Unable to get bean for id 'SynonymDictionary'
 WARN [2015-02-07 22:24:44,168] (ProjectController.java:handleRetrieveResults:772) - Failed to retrieve: 'Salesforce Connected Apps/package.xml': Metadata API received improper input. Please ensure file name and capitalization is correct. Load of metadata from db failed for metadata of type:ConnectedApp and file name:Forcecom_IDE.
 WARN [2015-02-07 22:24:44,169] (ProjectController.java:handleRetrieveResults:772) - Failed to retrieve: 'Salesforce Connected Apps/package.xml': Metadata API received improper input. Please ensure file name and capitalization is correct. Load of metadata from db failed for metadata of type:ConnectedApp and file name:Dataloader_Partner.
 WARN [2015-02-07 22:24:44,170] (ProjectController.java:handleRetrieveResults:772) - Failed to retrieve: 'Salesforce Connected Apps/package.xml': Metadata API received improper input. Please ensure file name and capitalization is correct. Load of metadata from db failed for metadata of type:ConnectedApp and file name:Dataloader_Bulk.
 WARN [2015-02-07 22:24:44,171] (ProjectController.java:handleRetrieveResults:772) - Failed to retrieve: 'Salesforce Connected Apps/package.xml': Metadata API received improper input. Please ensure file name and capitalization is correct. Load of metadata from db failed for metadata of type:ConnectedApp and file name:Workbench.
 WARN [2015-02-07 22:24:44,171] (ProjectController.java:handleRetrieveResults:772) - Failed to retrieve: 'Salesforce Connected Apps/package.xml': Metadata API received improper input. Please ensure file name and capitalization is correct. Load of metadata from db failed for metadata of type:ConnectedApp and file name:Salesforce_for_Outlook.
 WARN [2015-02-07 22:24:44,187] (ProjectController.java:handleRetrieveResults:772) - Failed to retrieve: 'Salesforce Connected Apps/package.xml': Metadata API received improper input. Please ensure file name and capitalization is correct. Load of metadata from db failed for metadata of type:ConnectedApp and file name:Salesforce_Touch.
 WARN [2015-02-07 22:24:44,188] (ProjectController.java:handleRetrieveResults:772) - Failed to retrieve: 'Salesforce Connected Apps/package.xml': Metadata API received improper input. Please ensure file name and capitalization is correct. Load of metadata from db failed for metadata of type:ConnectedApp and file name:Salesforce_Mobile_Dashboards.
 WARN [2015-02-07 22:24:44,188] (ProjectController.java:handleRetrieveResults:772) - Failed to retrieve: 'Salesforce Connected Apps/package.xml': Metadata API received improper input. Please ensure file name and capitalization is correct. Load of metadata from db failed for metadata of type:ConnectedApp and file name:Forcecom_Migration_Tool.
 WARN [2015-02-07 22:24:44,189] (ProjectController.java:handleRetrieveResults:772) - Failed to retrieve: 'Salesforce1 and Chatter Apps/package.xml': Metadata API received improper input. Please ensure file name and capitalization is correct. Load of metadata from db failed for metadata of type:ConnectedApp and file name:Salesforce1_for_Windows.
 WARN [2015-02-07 22:24:44,189] (ProjectController.java:handleRetrieveResults:772) - Failed to retrieve: 'Salesforce1 and Chatter Apps/package.xml': Metadata API received improper input. Please ensure file name and capitalization is correct. Load of metadata from db failed for metadata of type:ConnectedApp and file name:Salesforce_Chatterbox.
 WARN [2015-02-07 22:24:44,190] (ProjectController.java:handleRetrieveResults:772) - Failed to retrieve: 'Salesforce1 and Chatter Apps/package.xml': Metadata API received improper input. Please ensure file name and capitalization is correct. Load of metadata from db failed for metadata of type:ConnectedApp and file name:SalesforceA.
 WARN [2015-02-07 22:24:44,191] (ProjectController.java:handleRetrieveResults:772) - Failed to retrieve: 'Salesforce1 and Chatter Apps/package.xml': Metadata API received improper input. Please ensure file name and capitalization is correct. Load of metadata from db failed for metadata of type:ConnectedApp and file name:Chatter_for_Android.
 WARN [2015-02-07 22:24:44,191] (ProjectController.java:handleRetrieveResults:772) - Failed to retrieve: 'Salesforce1 and Chatter Apps/package.xml': Metadata API received improper input. Please ensure file name and capitalization is correct. Load of metadata from db failed for metadata of type:ConnectedApp and file name:Chatter_Desktop.
 WARN [2015-02-07 22:24:44,192] (ProjectController.java:handleRetrieveResults:772) - Failed to retrieve: 'Salesforce1 and Chatter Apps/package.xml': Metadata API received improper input. Please ensure file name and capitalization is correct. Load of metadata from db failed for metadata of type:ConnectedApp and file name:Chatter_for_iOS.
 WARN [2015-02-07 22:24:44,193] (ProjectController.java:handleRetrieveResults:772) - Failed to retrieve: 'Salesforce1 and Chatter Apps/package.xml': Metadata API received improper input. Please ensure file name and capitalization is correct. Load of metadata from db failed for metadata of type:ConnectedApp and file name:Chatter_for_BlackBerry.
 WARN [2015-02-07 22:24:44,212] (ComponentFactory.java:getComponentByFilePath:622) - No id found for filepath 'modules/S8e_for_Outlook_oauth/ConnectivityDevConfigs/S8e_for_Outlook_oauth_devConfig.ConnectivityDevConfig', tagging as component of type 'Unknown'
 WARN [2015-02-07 22:24:44,217] (ComponentFactory.java:getComponentByFilePath:622) - No id found for filepath 'modules/S8e_for_Outlook_oauth/modules/sf_com_apps__S8e_for_Outlook_oauth', tagging as component of type 'Unknown'
 WARN [2015-02-07 22:24:44,225] (ComponentFactory.java:getComponentByFilePath:622) - No id found for filepath 'applicationManifests/Salesforce_for_Outlook', tagging as component of type 'Unknown'
 WARN [2015-02-07 22:24:44,227] (ComponentFactory.java:getComponentByFilePath:622) - No id found for filepath 'modules/Workbench_oauth_c4s/Canvases/Workbench_oauth_c4sCanvas.Canvas', tagging as component of type 'Unknown'
 WARN [2015-02-07 22:24:44,229] (ComponentFactory.java:getComponentByFilePath:622) - No id found for filepath 'modules/Workbench_oauth_c4s/modules/sf_com_apps__Workbench_oauth_c4s', tagging as component of type 'Unknown'
 WARN [2015-02-07 22:24:44,230] (ComponentFactory.java:getComponentByFilePath:622) - No id found for filepath 'modules/Workbench_oauth/ConnectivityDevConfigs/Workbench_oauth_devConfig.ConnectivityDevConfig', tagging as component of type 'Unknown'
 WARN [2015-02-07 22:24:44,232] (ComponentFactory.java:getComponentByFilePath:622) - No id found for filepath 'modules/Workbench_oauth/modules/sf_com_apps__Workbench_oauth', tagging as component of type 'Unknown'
 WARN [2015-02-07 22:24:44,234] (ComponentFactory.java:getComponentByFilePath:622) - No id found for filepath 'applicationManifests/Workbench', tagging as component of type 'Unknown'
ERROR [2015-02-07 22:24:44,235] (ProjectPackageList.java:generateComponents:481) - Filepath-zip mapping is null or empty for package 'Salesforce Connected Apps' [0A390000000654qCAA] - skipping component generation
 WARN [2015-02-07 22:24:44,235] (ComponentFactory.java:getComponentByFilePath:622) - No id found for filepath 'modules/S91_for_Windows_oauth/ConnectivityDevConfigs/S91_for_Windows_oauth_devConfig.ConnectivityDevConfig', tagging as component of type 'Unknown'
 WARN [2015-02-07 22:24:44,237] (ComponentFactory.java:getComponentByFilePath:622) - No id found for filepath 'modules/S91_for_Windows_oauth/modules/sf_chttr_apps__S91_for_Windows_oauth', tagging as component of type 'Unknown'
 WARN [2015-02-07 22:24:44,238] (ComponentFactory.java:getComponentByFilePath:622) - No id found for filepath 'applicationManifests/Salesforce1_for_Windows', tagging as component of type 'Unknown'
 WARN [2015-02-07 22:24:44,239] (ComponentFactory.java:getComponentByFilePath:622) - No id found for filepath 'modules/Dataloader_Bulk_oauth/ConnectivityDevConfigs/Dataloader_Bulk_oauth_devConfig.ConnectivityDevConfig', tagging as component of type 'Unknown'
 WARN [2015-02-07 22:24:44,240] (ComponentFactory.java:getComponentByFilePath:622) - No id found for filepath 'modules/Dataloader_Bulk_oauth/modules/sf_com_apps__Dataloader_Bulk_oauth', tagging as component of type 'Unknown'
 WARN [2015-02-07 22:24:44,241] (ComponentFactory.java:getComponentByFilePath:622) - No id found for filepath 'applicationManifests/Dataloader_Bulk', tagging as component of type 'Unknown'
 WARN [2015-02-07 22:24:44,242] (ComponentFactory.java:getComponentByFilePath:622) - No id found for filepath 'modules/Dataloader_P5r_oauth/ConnectivityDevConfigs/Dataloader_P5r_oauth_devConfig.ConnectivityDevConfig', tagging as component of type 'Unknown'
 WARN [2015-02-07 22:24:44,244] (ComponentFactory.java:getComponentByFilePath:622) - No id found for filepath 'modules/Dataloader_P5r_oauth/modules/sf_com_apps__Dataloader_P5r_oauth', tagging as component of type 'Unknown'
 WARN [2015-02-07 22:24:44,245] (ComponentFactory.java:getComponentByFilePath:622) - No id found for filepath 'applicationManifests/Dataloader_Partner', tagging as component of type 'Unknown'
 WARN [2015-02-07 22:24:44,247] (ComponentFactory.java:getComponentByFilePath:622) - No id found for filepath 'modules/Forcecom_IDE_oauth/ConnectivityDevConfigs/Forcecom_IDE_oauth_devConfig.ConnectivityDevConfig', tagging as component of type 'Unknown'
 WARN [2015-02-07 22:24:44,248] (ComponentFactory.java:getComponentByFilePath:622) - No id found for filepath 'modules/Forcecom_IDE_oauth/modules/sf_com_apps__Forcecom_IDE_oauth', tagging as component of type 'Unknown'
 WARN [2015-02-07 22:24:44,250] (ComponentFactory.java:getComponentByFilePath:622) - No id found for filepath 'applicationManifests/Forcecom_IDE', tagging as component of type 'Unknown'
 WARN [2015-02-07 22:24:44,251] (ComponentFactory.java:getComponentByFilePath:622) - No id found for filepath 'modules/Forcecom_Migration_Tool_oauth/ConnectivityDevConfigs/Forcecom_Migration_Tool_oauth_devConfig.ConnectivityDevConfig', tagging as component of type 'Unknown'
 WARN [2015-02-07 22:24:44,253] (ComponentFactory.java:getComponentByFilePath:622) - No id found for filepath 'modules/Forcecom_Migration_Tool_oauth/modules/sf_com_apps__Forcecom_Migration_Tool_oauth', tagging as component of type 'Unknown'
 WARN [2015-02-07 22:24:44,254] (ComponentFactory.java:getComponentByFilePath:622) - No id found for filepath 'applicationManifests/Forcecom_Migration_Tool', tagging as component of type 'Unknown'
 WARN [2015-02-07 22:24:44,255] (ComponentFactory.java:getComponentByFilePath:622) - No id found for filepath 'modules/S8e_M4e_Dashboards_oauth/ConnectivityDevConfigs/S8e_M4e_Dashboards_oauth_devConfig.ConnectivityDevConfig', tagging as component of type 'Unknown'
 WARN [2015-02-07 22:24:44,256] (ComponentFactory.java:getComponentByFilePath:622) - No id found for filepath 'modules/S8e_M4e_Dashboards_oauth/modules/sf_com_apps__S8e_M4e_Dashboards_oauth', tagging as component of type 'Unknown'
 WARN [2015-02-07 22:24:44,257] (ComponentFactory.java:getComponentByFilePath:622) - No id found for filepath 'applicationManifests/Salesforce_Mobile_Dashboards', tagging as component of type 'Unknown'
 WARN [2015-02-07 22:24:44,258] (ComponentFactory.java:getComponentByFilePath:622) - No id found for filepath 'modules/S8e_T3h_oauth/ConnectivityDevConfigs/S8e_T3h_oauth_devConfig.ConnectivityDevConfig', tagging as component of type 'Unknown'
 WARN [2015-02-07 22:24:44,260] (ComponentFactory.java:getComponentByFilePath:622) - No id found for filepath 'modules/S8e_T3h_oauth/modules/sf_com_apps__S8e_T3h_oauth', tagging as component of type 'Unknown'
 WARN [2015-02-07 22:24:44,261] (ComponentFactory.java:getComponentByFilePath:622) - No id found for filepath 'applicationManifests/Salesforce_Touch', tagging as component of type 'Unknown'
 WARN [2015-02-07 22:24:44,263] (ComponentFactory.java:getComponentByFilePath:622) - No id found for filepath 'modules/C5r_Desktop_oauth/ConnectivityDevConfigs/C5r_Desktop_oauth_devConfig.ConnectivityDevConfig', tagging as component of type 'Unknown'
 WARN [2015-02-07 22:24:44,264] (ComponentFactory.java:getComponentByFilePath:622) - No id found for filepath 'modules/C5r_Desktop_oauth/modules/sf_chttr_apps__C5r_Desktop_oauth', tagging as component of type 'Unknown'
 WARN [2015-02-07 22:24:44,265] (ComponentFactory.java:getComponentByFilePath:622) - No id found for filepath 'applicationManifests/Chatter_Desktop', tagging as component of type 'Unknown'
 WARN [2015-02-07 22:24:44,267] (ComponentFactory.java:getComponentByFilePath:622) - No id found for filepath 'modules/C5r_for_Android_oauth_android/AndroidPushApplicationSetup/C5r_for_Android_oauth_androidAndroidPushApplicationSetup.AndroidPushApplicationSetup', tagging as component of type 'Unknown'
 WARN [2015-02-07 22:24:44,268] (ComponentFactory.java:getComponentByFilePath:622) - No id found for filepath 'modules/C5r_for_Android_oauth_android/modules/sf_chttr_apps__C5r_for_Android_oauth_android', tagging as component of type 'Unknown'
 WARN [2015-02-07 22:24:44,269] (ComponentFactory.java:getComponentByFilePath:622) - No id found for filepath 'modules/C5r_for_Android_oauth/ConnectivityDevConfigs/C5r_for_Android_oauth_devConfig.ConnectivityDevConfig', tagging as component of type 'Unknown'
 WARN [2015-02-07 22:24:44,270] (ComponentFactory.java:getComponentByFilePath:622) - No id found for filepath 'modules/C5r_for_Android_oauth/modules/sf_chttr_apps__C5r_for_Android_oauth', tagging as component of type 'Unknown'
 WARN [2015-02-07 22:24:44,271] (ComponentFactory.java:getComponentByFilePath:622) - No id found for filepath 'applicationManifests/Chatter_for_Android', tagging as component of type 'Unknown'
 WARN [2015-02-07 22:24:44,272] (ComponentFactory.java:getComponentByFilePath:622) - No id found for filepath 'modules/C5r_for_BlackBerry_oauth/ConnectivityDevConfigs/C5r_for_BlackBerry_oauth_devConfig.ConnectivityDevConfig', tagging as component of type 'Unknown'
 WARN [2015-02-07 22:24:44,273] (ComponentFactory.java:getComponentByFilePath:622) - No id found for filepath 'modules/C5r_for_BlackBerry_oauth/modules/sf_chttr_apps__C5r_for_BlackBerry_oauth', tagging as component of type 'Unknown'
 WARN [2015-02-07 22:24:44,274] (ComponentFactory.java:getComponentByFilePath:622) - No id found for filepath 'applicationManifests/Chatter_for_BlackBerry', tagging as component of type 'Unknown'
 WARN [2015-02-07 22:24:44,275] (ComponentFactory.java:getComponentByFilePath:622) - No id found for filepath 'modules/C5r_for_iOS_oauth_apple/ApplePushApplicationSetup/C5r_for_iOS_oauth_appleApplePushApplicationSetup.ApplePushApplicationSetup', tagging as component of type 'Unknown'
 WARN [2015-02-07 22:24:44,276] (ComponentFactory.java:getComponentByFilePath:622) - No id found for filepath 'modules/C5r_for_iOS_oauth_apple/modules/sf_chttr_apps__C5r_for_iOS_oauth_apple', tagging as component of type 'Unknown'
 WARN [2015-02-07 22:24:44,278] (ComponentFactory.java:getComponentByFilePath:622) - No id found for filepath 'modules/C5r_for_iOS_oauth/ConnectivityDevConfigs/C5r_for_iOS_oauth_devConfig.ConnectivityDevConfig', tagging as component of type 'Unknown'
 WARN [2015-02-07 22:24:44,279] (ComponentFactory.java:getComponentByFilePath:622) - No id found for filepath 'modules/C5r_for_iOS_oauth/modules/sf_chttr_apps__C5r_for_iOS_oauth', tagging as component of type 'Unknown'
 WARN [2015-02-07 22:24:44,280] (ComponentFactory.java:getComponentByFilePath:622) - No id found for filepath 'applicationManifests/Chatter_for_iOS', tagging as component of type 'Unknown'
 WARN [2015-02-07 22:24:44,281] (ComponentFactory.java:getComponentByFilePath:622) - No id found for filepath 'modules/S9A_oauth/ConnectivityDevConfigs/S9A_oauth_devConfig.ConnectivityDevConfig', tagging as component of type 'Unknown'
 WARN [2015-02-07 22:24:44,282] (ComponentFactory.java:getComponentByFilePath:622) - No id found for filepath 'modules/S9A_oauth/modules/sf_chttr_apps__S9A_oauth', tagging as component of type 'Unknown'
 WARN [2015-02-07 22:24:44,284] (ComponentFactory.java:getComponentByFilePath:622) - No id found for filepath 'applicationManifests/SalesforceA', tagging as component of type 'Unknown'
 WARN [2015-02-07 22:24:44,285] (ComponentFactory.java:getComponentByFilePath:622) - No id found for filepath 'modules/S8e_C8x_oauth/ConnectivityDevConfigs/S8e_C8x_oauth_devConfig.ConnectivityDevConfig', tagging as component of type 'Unknown'
 WARN [2015-02-07 22:24:44,286] (ComponentFactory.java:getComponentByFilePath:622) - No id found for filepath 'modules/S8e_C8x_oauth/modules/sf_chttr_apps__S8e_C8x_oauth', tagging as component of type 'Unknown'
 WARN [2015-02-07 22:24:44,287] (ComponentFactory.java:getComponentByFilePath:622) - No id found for filepath 'applicationManifests/Salesforce_Chatterbox', tagging as component of type 'Unknown'
ERROR [2015-02-07 22:24:44,288] (ProjectPackageList.java:generateComponents:481) - Filepath-zip mapping is null or empty for package 'Salesforce1 and Chatter Apps' [0A3900000006ITYCA2] - skipping component generation
 WARN [2015-02-07 22:24:49,290] (ProjectPackageList.java:saveResources:1158) - Component list in project package 'Salesforce Connected Apps' is empty.  No resources to save.
 WARN [2015-02-07 22:24:50,420] (ProjectPackageList.java:saveResources:1158) - Component list in project package 'Salesforce1 and Chatter Apps' is empty.  No resources to save.
 WARN [2015-02-07 22:35:13,100] (ComponentFactory.java:getCompositeComponentFromComponent:1102) - Unable to load existing 'classes/DailyUpdateStoreInfo.cls-meta.xml' from project - associated component's file resource is null.  Assuming new.
 WARN [2015-02-07 22:35:13,282] (ComponentController.java:deploy:402) - Remote save aborted - project is not online enabled
 WARN [2015-02-07 22:35:13,290] (Utils.java:loadDocument:794) - Unable to load document: /Users/Coolwolf/MyLearning/myGit/sfdc/.metadata/.plugins/org.eclipse.core.resources/.projects/TedFirstTest/com.salesforce.ide.core/packageCache.xml (No such file or directory)
 WARN [2015-02-07 22:35:13,291] (ComponentController.java:run:380) - Unable to update cache with new component Apex Class - cache is not found
ERROR [2015-02-07 22:37:40,335] (ProjectPackageList.java:generateComponents:481) - Filepath-zip mapping is null or empty for package 'unpackaged' [null] - skipping component generation
 WARN [2015-02-07 22:52:20,069] (ComponentFactory.java:getCompositeComponentFromComponent:1102) - Unable to load existing 'classes/GoodsInfoBatchHandler.cls-meta.xml' from project - associated component's file resource is null.  Assuming new.
 WARN [2015-02-07 22:52:20,219] (ComponentController.java:deploy:402) - Remote save aborted - project is not online enabled
 WARN [2015-02-07 22:52:20,222] (Utils.java:loadDocument:794) - Unable to load document: /Users/Coolwolf/MyLearning/myGit/sfdc/.metadata/.plugins/org.eclipse.core.resources/.projects/TedFirstTest/com.salesforce.ide.core/packageCache.xml (No such file or directory)
 WARN [2015-02-07 22:52:20,223] (ComponentController.java:run:380) - Unable to update cache with new component Apex Class - cache is not found
ERROR [2015-02-07 23:03:57,674] (ProjectPackageList.java:generateComponents:481) - Filepath-zip mapping is null or empty for package 'unpackaged' [null] - skipping component generation
 WARN [2015-02-07 23:04:01,400] (ProjectService.java:handleDeployResult:1906) - Save failed!
 WARN [2015-02-07 23:04:01,403] (ProjectService.java:handleRetrieveResult:2078) - Nothing to save to project - retrieve result is empty
ERROR [2015-02-07 23:04:29,363] (ProjectPackageList.java:generateComponents:481) - Filepath-zip mapping is null or empty for package 'unpackaged' [null] - skipping component generation
 WARN [2015-02-07 23:05:31,305] (ComponentController.java:checkInFolder:181) - Component resource 'DailyUpdateStoreInfo.cls' already exists in project
 WARN [2015-02-07 23:05:39,726] (ComponentFactory.java:getCompositeComponentFromComponent:1102) - Unable to load existing 'classes/DailyUpdateStoreInfoBatch.cls-meta.xml' from project - associated component's file resource is null.  Assuming new.
 WARN [2015-02-07 23:05:39,875] (ComponentController.java:deploy:402) - Remote save aborted - project is not online enabled
 WARN [2015-02-07 23:05:39,878] (Utils.java:loadDocument:794) - Unable to load document: /Users/Coolwolf/MyLearning/myGit/sfdc/.metadata/.plugins/org.eclipse.core.resources/.projects/TedFirstTest/com.salesforce.ide.core/packageCache.xml (No such file or directory)
 WARN [2015-02-07 23:05:39,878] (ComponentController.java:run:380) - Unable to update cache with new component Apex Class - cache is not found
ERROR [2015-02-07 23:07:12,916] (ProjectPackageList.java:generateComponents:481) - Filepath-zip mapping is null or empty for package 'unpackaged' [null] - skipping component generation
 WARN [2015-02-07 23:32:00,542] (ConnectionFactory.java:clearCache:220) - Clearing the following cached connections
 WARN [2015-02-07 23:32:00,543] (DescribeObjectRegistry.java:clearCache:664) - Clearing cached describes
 WARN [2015-02-07 23:32:00,543] (MetadataFactory.java:clearCache:129) - Clearing the following cached metadata stubs
